<?xml version="1.0" encoding="UTF-8"?>
<testsuite xmlns:xsi="http://www.w3.org/2001/XMLSchema-instance" xsi:noNamespaceSchemaLocation="https://maven.apache.org/surefire/maven-surefire-plugin/xsd/surefire-test-report-3.0.xsd" version="3.0" name="com.fashionnest.Fashion_Nest_Application.FashionNestApplicationTests" time="53.53" tests="1" errors="0" skipped="0" failures="0">
  <properties>
[...]
</properties>
  <testcase name="contextLoads" classname="com.fashionnest.Fashion_Nest_Application.FashionNestApplicationTests" time="1.187">
    <system-out><![CDATA[13:25:57.646 [main] INFO org.springframework.test.context.support.AnnotationConfigContextLoaderUtils -- Could not detect default configuration classes for test class [com.fashionnest.Fashion_Nest_Application.FashionNestApplicationTests]: FashionNestApplicationTests does not declare any static, non-private, non-final, nested classes annotated with @Configuration.
13:25:57.806 [main] INFO org.springframework.boot.test.context.SpringBootTestContextBootstrapper -- Found @SpringBootConfiguration com.fashionnest.Fashion_Nest_Application.FashionNestApplication for test class com.fashionnest.Fashion_Nest_Application.FashionNestApplicationTests
13:25:58.064 [main] INFO org.springframework.boot.devtools.restart.RestartApplicationListener -- Restart disabled due to context in which it is running

  .   ____          _            __ _ _
 /\\ / ___'_ __ _ _(_)_ __  __ _ \ \ \ \
( ( )\___ | '_ | '_| | '_ \/ _` | \ \ \ \
 \\/  ___)| |_)| | | | | || (_| |  ) ) ) )
  '  |____| .__|_| |_|_| |_\__, | / / / /
 =========|_|==============|___/=/_/_/_/

 :: Spring Boot ::                (v3.3.3)

2025-07-14T13:25:58.487+05:30 DEBUG 17208 --- [Fashion-Nest-Application] [kground-preinit] o.h.v.i.xml.config.ValidationXmlParser   : Trying to load META-INF/validation.xml for XML based Validator configuration.
2025-07-14T13:25:58.495+05:30 DEBUG 17208 --- [Fashion-Nest-Application] [kground-preinit] o.h.v.i.xml.config.ResourceLoaderHelper  : Trying to load META-INF/validation.xml via TCCL
2025-07-14T13:25:58.495+05:30 DEBUG 17208 --- [Fashion-Nest-Application] [kground-preinit] o.h.v.i.xml.config.ResourceLoaderHelper  : Trying to load META-INF/validation.xml via Hibernate Validator's class loader
2025-07-14T13:25:58.496+05:30 DEBUG 17208 --- [Fashion-Nest-Application] [kground-preinit] o.h.v.i.xml.config.ValidationXmlParser   : No META-INF/validation.xml found. Using annotation based configuration only.
2025-07-14T13:25:58.513+05:30 DEBUG 17208 --- [Fashion-Nest-Application] [kground-preinit] o.h.v.i.e.resolver.TraversableResolvers  : Found jakarta.persistence.Persistence on classpath containing 'getPersistenceUtil'. Assuming JPA 2 environment. Trying to instantiate JPA aware TraversableResolver
2025-07-14T13:25:58.514+05:30 DEBUG 17208 --- [Fashion-Nest-Application] [kground-preinit] o.h.v.i.e.resolver.TraversableResolvers  : Instantiated JPA aware TraversableResolver of type org.hibernate.validator.internal.engine.resolver.JPATraversableResolver.
2025-07-14T13:25:58.520+05:30  INFO 17208 --- [Fashion-Nest-Application] [           main] c.f.F.FashionNestApplicationTests        : Starting FashionNestApplicationTests using Java 21.0.1 with PID 17208 (started by HP in F:\FashionNextEcom-Project\Fashion-Nest-Application)
2025-07-14T13:25:58.521+05:30  INFO 17208 --- [Fashion-Nest-Application] [           main] c.f.F.FashionNestApplicationTests        : No active profile set, falling back to 1 default profile: "default"
2025-07-14T13:25:58.556+05:30 DEBUG 17208 --- [Fashion-Nest-Application] [kground-preinit] .h.v.m.ResourceBundleMessageInterpolator : Loaded expression factory via original TCCL
2025-07-14T13:25:58.810+05:30 DEBUG 17208 --- [Fashion-Nest-Application] [kground-preinit] .i.e.ValidatorFactoryConfigurationHelper : HV000252: Using org.hibernate.validator.internal.engine.DefaultPropertyNodeNameProvider as property node name provider.
2025-07-14T13:25:58.820+05:30 DEBUG 17208 --- [Fashion-Nest-Application] [kground-preinit] .i.e.ValidatorFactoryConfigurationHelper : HV000234: Using org.hibernate.validator.messageinterpolation.ResourceBundleMessageInterpolator as ValidatorFactory-scoped message interpolator.
2025-07-14T13:25:58.821+05:30 DEBUG 17208 --- [Fashion-Nest-Application] [kground-preinit] .i.e.ValidatorFactoryConfigurationHelper : HV000234: Using org.hibernate.validator.internal.engine.resolver.JPATraversableResolver as ValidatorFactory-scoped traversable resolver.
2025-07-14T13:25:58.821+05:30 DEBUG 17208 --- [Fashion-Nest-Application] [kground-preinit] .i.e.ValidatorFactoryConfigurationHelper : HV000234: Using org.hibernate.validator.internal.util.ExecutableParameterNameProvider as ValidatorFactory-scoped parameter name provider.
2025-07-14T13:25:58.822+05:30 DEBUG 17208 --- [Fashion-Nest-Application] [kground-preinit] .i.e.ValidatorFactoryConfigurationHelper : HV000234: Using org.hibernate.validator.internal.engine.DefaultClockProvider as ValidatorFactory-scoped clock provider.
2025-07-14T13:25:58.822+05:30 DEBUG 17208 --- [Fashion-Nest-Application] [kground-preinit] .i.e.ValidatorFactoryConfigurationHelper : HV000234: Using org.hibernate.validator.internal.engine.scripting.DefaultScriptEvaluatorFactory as ValidatorFactory-scoped script evaluator factory.
2025-07-14T13:26:00.183+05:30  INFO 17208 --- [Fashion-Nest-Application] [           main] .s.d.r.c.RepositoryConfigurationDelegate : Bootstrapping Spring Data JPA repositories in DEFAULT mode.
2025-07-14T13:26:00.374+05:30  INFO 17208 --- [Fashion-Nest-Application] [           main] .s.d.r.c.RepositoryConfigurationDelegate : Finished Spring Data repository scanning in 175 ms. Found 10 JPA repository interfaces.
2025-07-14T13:26:01.293+05:30 DEBUG 17208 --- [Fashion-Nest-Application] [           main] j.LocalContainerEntityManagerFactoryBean : Building JPA container EntityManagerFactory for persistence unit 'default'
2025-07-14T13:26:01.325+05:30 DEBUG 17208 --- [Fashion-Nest-Application] [           main] o.hibernate.jpa.internal.util.LogHelper  : PersistenceUnitInfo [
	name: default
	persistence provider classname: null
	classloader: jdk.internal.loader.ClassLoaders$AppClassLoader@70dea4e
	excludeUnlistedClasses: true
	JTA datasource: null
	Non JTA datasource: HikariDataSource (null)
	Transaction type: RESOURCE_LOCAL
	PU root URL: file:/F:/FashionNextEcom-Project/Fashion-Nest-Application/target/test-classes/
	Shared Cache Mode: UNSPECIFIED
	Validation Mode: AUTO
	Jar files URLs []
	Managed classes names [
		com.fashionnest.Fashion_Nest_Application.model.Address
		com.fashionnest.Fashion_Nest_Application.model.Cart
		com.fashionnest.Fashion_Nest_Application.model.CartItem
		com.fashionnest.Fashion_Nest_Application.model.Category
		com.fashionnest.Fashion_Nest_Application.model.Order
		com.fashionnest.Fashion_Nest_Application.model.OrderItem
		com.fashionnest.Fashion_Nest_Application.model.Product
		com.fashionnest.Fashion_Nest_Application.model.Rating
		com.fashionnest.Fashion_Nest_Application.model.Review
		com.fashionnest.Fashion_Nest_Application.model.User]
	Mapping files names []
	Properties []
2025-07-14T13:26:01.353+05:30 DEBUG 17208 --- [Fashion-Nest-Application] [           main] o.h.i.internal.IntegratorServiceImpl     : Adding Integrator [org.hibernate.boot.beanvalidation.BeanValidationIntegrator].
2025-07-14T13:26:01.357+05:30 DEBUG 17208 --- [Fashion-Nest-Application] [           main] o.h.i.internal.IntegratorServiceImpl     : Adding Integrator [org.hibernate.cache.internal.CollectionCacheInvalidator].
2025-07-14T13:26:01.497+05:30  INFO 17208 --- [Fashion-Nest-Application] [           main] org.hibernate.Version                    : HHH000412: Hibernate ORM core version 6.5.2.Final
2025-07-14T13:26:01.502+05:30 DEBUG 17208 --- [Fashion-Nest-Application] [           main] org.hibernate.cfg.Environment            : HHH000206: 'hibernate.properties' not found
2025-07-14T13:26:01.555+05:30 DEBUG 17208 --- [Fashion-Nest-Application] [           main] org.hibernate.orm.idgen.factory          : Registering IdentifierGenerator strategy [uuid2] -> [org.hibernate.id.UUIDGenerator]
2025-07-14T13:26:01.557+05:30 DEBUG 17208 --- [Fashion-Nest-Application] [           main] org.hibernate.orm.idgen.factory          : Registering IdentifierGenerator strategy [guid] -> [org.hibernate.id.GUIDGenerator]
2025-07-14T13:26:01.558+05:30 DEBUG 17208 --- [Fashion-Nest-Application] [           main] org.hibernate.orm.idgen.factory          : Registering IdentifierGenerator strategy [uuid] -> [org.hibernate.id.UUIDHexGenerator]
2025-07-14T13:26:01.560+05:30 DEBUG 17208 --- [Fashion-Nest-Application] [           main] org.hibernate.orm.idgen.factory          : Registering IdentifierGenerator strategy [uuid.hex] -> [org.hibernate.id.UUIDHexGenerator]
2025-07-14T13:26:01.560+05:30 DEBUG 17208 --- [Fashion-Nest-Application] [           main] org.hibernate.orm.idgen.factory          : Registering IdentifierGenerator strategy [assigned] -> [org.hibernate.id.Assigned]
2025-07-14T13:26:01.562+05:30 DEBUG 17208 --- [Fashion-Nest-Application] [           main] org.hibernate.orm.idgen.factory          : Registering IdentifierGenerator strategy [identity] -> [org.hibernate.id.IdentityGenerator]
2025-07-14T13:26:01.563+05:30 DEBUG 17208 --- [Fashion-Nest-Application] [           main] org.hibernate.orm.idgen.factory          : Registering IdentifierGenerator strategy [select] -> [org.hibernate.id.SelectGenerator]
2025-07-14T13:26:01.565+05:30 DEBUG 17208 --- [Fashion-Nest-Application] [           main] org.hibernate.orm.idgen.factory          : Registering IdentifierGenerator strategy [sequence] -> [org.hibernate.id.enhanced.SequenceStyleGenerator]
2025-07-14T13:26:01.568+05:30 DEBUG 17208 --- [Fashion-Nest-Application] [           main] org.hibernate.orm.idgen.factory          : Registering IdentifierGenerator strategy [increment] -> [org.hibernate.id.IncrementGenerator]
2025-07-14T13:26:01.569+05:30 DEBUG 17208 --- [Fashion-Nest-Application] [           main] org.hibernate.orm.idgen.factory          : Registering IdentifierGenerator strategy [foreign] -> [org.hibernate.id.ForeignGenerator]
2025-07-14T13:26:01.569+05:30 DEBUG 17208 --- [Fashion-Nest-Application] [           main] org.hibernate.orm.idgen.factory          : Registering IdentifierGenerator strategy [enhanced-sequence] -> [org.hibernate.id.enhanced.SequenceStyleGenerator]
2025-07-14T13:26:01.571+05:30 DEBUG 17208 --- [Fashion-Nest-Application] [           main] org.hibernate.orm.idgen.factory          : Registering IdentifierGenerator strategy [enhanced-table] -> [org.hibernate.id.enhanced.TableGenerator]
2025-07-14T13:26:01.585+05:30 DEBUG 17208 --- [Fashion-Nest-Application] [           main] o.h.c.internal.RegionFactoryInitiator    : Cannot default RegionFactory based on registered strategies as `[]` RegionFactory strategies were registered
2025-07-14T13:26:01.587+05:30  INFO 17208 --- [Fashion-Nest-Application] [           main] o.h.c.internal.RegionFactoryInitiator    : HHH000026: Second-level cache disabled
2025-07-14T13:26:01.840+05:30 DEBUG 17208 --- [Fashion-Nest-Application] [           main] org.hibernate.type.BasicTypeRegistry     : Adding type registration boolean -> org.hibernate.type.BasicTypeReference@6de7778f
2025-07-14T13:26:01.840+05:30 DEBUG 17208 --- [Fashion-Nest-Application] [           main] org.hibernate.type.BasicTypeRegistry     : Adding type registration boolean -> org.hibernate.type.BasicTypeReference@6de7778f
2025-07-14T13:26:01.840+05:30 DEBUG 17208 --- [Fashion-Nest-Application] [           main] org.hibernate.type.BasicTypeRegistry     : Adding type registration java.lang.Boolean -> org.hibernate.type.BasicTypeReference@6de7778f
2025-07-14T13:26:01.841+05:30 DEBUG 17208 --- [Fashion-Nest-Application] [           main] org.hibernate.type.BasicTypeRegistry     : Adding type registration numeric_boolean -> org.hibernate.type.BasicTypeReference@367d34c0
2025-07-14T13:26:01.841+05:30 DEBUG 17208 --- [Fashion-Nest-Application] [           main] org.hibernate.type.BasicTypeRegistry     : Adding type registration org.hibernate.type.NumericBooleanConverter -> org.hibernate.type.BasicTypeReference@367d34c0
2025-07-14T13:26:01.841+05:30 DEBUG 17208 --- [Fashion-Nest-Application] [           main] org.hibernate.type.BasicTypeRegistry     : Adding type registration true_false -> org.hibernate.type.BasicTypeReference@4ce25e47
2025-07-14T13:26:01.841+05:30 DEBUG 17208 --- [Fashion-Nest-Application] [           main] org.hibernate.type.BasicTypeRegistry     : Adding type registration org.hibernate.type.TrueFalseConverter -> org.hibernate.type.BasicTypeReference@4ce25e47
2025-07-14T13:26:01.842+05:30 DEBUG 17208 --- [Fashion-Nest-Application] [           main] org.hibernate.type.BasicTypeRegistry     : Adding type registration yes_no -> org.hibernate.type.BasicTypeReference@6380e9e9
2025-07-14T13:26:01.842+05:30 DEBUG 17208 --- [Fashion-Nest-Application] [           main] org.hibernate.type.BasicTypeRegistry     : Adding type registration org.hibernate.type.YesNoConverter -> org.hibernate.type.BasicTypeReference@6380e9e9
2025-07-14T13:26:01.842+05:30 DEBUG 17208 --- [Fashion-Nest-Application] [           main] org.hibernate.type.BasicTypeRegistry     : Adding type registration byte -> org.hibernate.type.BasicTypeReference@350da119
2025-07-14T13:26:01.843+05:30 DEBUG 17208 --- [Fashion-Nest-Application] [           main] org.hibernate.type.BasicTypeRegistry     : Adding type registration byte -> org.hibernate.type.BasicTypeReference@350da119
2025-07-14T13:26:01.843+05:30 DEBUG 17208 --- [Fashion-Nest-Application] [           main] org.hibernate.type.BasicTypeRegistry     : Adding type registration java.lang.Byte -> org.hibernate.type.BasicTypeReference@350da119
2025-07-14T13:26:01.843+05:30 DEBUG 17208 --- [Fashion-Nest-Application] [           main] org.hibernate.type.BasicTypeRegistry     : Adding type registration binary -> org.hibernate.type.BasicTypeReference@6a09484c
2025-07-14T13:26:01.843+05:30 DEBUG 17208 --- [Fashion-Nest-Application] [           main] org.hibernate.type.BasicTypeRegistry     : Adding type registration byte[] -> org.hibernate.type.BasicTypeReference@6a09484c
2025-07-14T13:26:01.844+05:30 DEBUG 17208 --- [Fashion-Nest-Application] [           main] org.hibernate.type.BasicTypeRegistry     : Adding type registration [B -> org.hibernate.type.BasicTypeReference@6a09484c
2025-07-14T13:26:01.844+05:30 DEBUG 17208 --- [Fashion-Nest-Application] [           main] org.hibernate.type.BasicTypeRegistry     : Adding type registration binary_wrapper -> org.hibernate.type.BasicTypeReference@34c7232c
2025-07-14T13:26:01.844+05:30 DEBUG 17208 --- [Fashion-Nest-Application] [           main] org.hibernate.type.BasicTypeRegistry     : Adding type registration wrapper-binary -> org.hibernate.type.BasicTypeReference@34c7232c
2025-07-14T13:26:01.844+05:30 DEBUG 17208 --- [Fashion-Nest-Application] [           main] org.hibernate.type.BasicTypeRegistry     : Adding type registration image -> org.hibernate.type.BasicTypeReference@50ec4bfc
2025-07-14T13:26:01.845+05:30 DEBUG 17208 --- [Fashion-Nest-Application] [           main] org.hibernate.type.BasicTypeRegistry     : Adding type registration blob -> org.hibernate.type.BasicTypeReference@8b13d91
2025-07-14T13:26:01.845+05:30 DEBUG 17208 --- [Fashion-Nest-Application] [           main] org.hibernate.type.BasicTypeRegistry     : Adding type registration java.sql.Blob -> org.hibernate.type.BasicTypeReference@8b13d91
2025-07-14T13:26:01.845+05:30 DEBUG 17208 --- [Fashion-Nest-Application] [           main] org.hibernate.type.BasicTypeRegistry     : Adding type registration materialized_blob -> org.hibernate.type.BasicTypeReference@285a4fe3
2025-07-14T13:26:01.845+05:30 DEBUG 17208 --- [Fashion-Nest-Application] [           main] org.hibernate.type.BasicTypeRegistry     : Adding type registration materialized_blob_wrapper -> org.hibernate.type.BasicTypeReference@2589d787
2025-07-14T13:26:01.846+05:30 DEBUG 17208 --- [Fashion-Nest-Application] [           main] org.hibernate.type.BasicTypeRegistry     : Adding type registration short -> org.hibernate.type.BasicTypeReference@1788cb61
2025-07-14T13:26:01.846+05:30 DEBUG 17208 --- [Fashion-Nest-Application] [           main] org.hibernate.type.BasicTypeRegistry     : Adding type registration short -> org.hibernate.type.BasicTypeReference@1788cb61
2025-07-14T13:26:01.846+05:30 DEBUG 17208 --- [Fashion-Nest-Application] [           main] org.hibernate.type.BasicTypeRegistry     : Adding type registration java.lang.Short -> org.hibernate.type.BasicTypeReference@1788cb61
2025-07-14T13:26:01.846+05:30 DEBUG 17208 --- [Fashion-Nest-Application] [           main] org.hibernate.type.BasicTypeRegistry     : Adding type registration integer -> org.hibernate.type.BasicTypeReference@16d431b4
2025-07-14T13:26:01.846+05:30 DEBUG 17208 --- [Fashion-Nest-Application] [           main] org.hibernate.type.BasicTypeRegistry     : Adding type registration int -> org.hibernate.type.BasicTypeReference@16d431b4
2025-07-14T13:26:01.847+05:30 DEBUG 17208 --- [Fashion-Nest-Application] [           main] org.hibernate.type.BasicTypeRegistry     : Adding type registration java.lang.Integer -> org.hibernate.type.BasicTypeReference@16d431b4
2025-07-14T13:26:01.847+05:30 DEBUG 17208 --- [Fashion-Nest-Application] [           main] org.hibernate.type.BasicTypeRegistry     : Adding type registration long -> org.hibernate.type.BasicTypeReference@6c0b51da
2025-07-14T13:26:01.847+05:30 DEBUG 17208 --- [Fashion-Nest-Application] [           main] org.hibernate.type.BasicTypeRegistry     : Adding type registration long -> org.hibernate.type.BasicTypeReference@6c0b51da
2025-07-14T13:26:01.847+05:30 DEBUG 17208 --- [Fashion-Nest-Application] [           main] org.hibernate.type.BasicTypeRegistry     : Adding type registration java.lang.Long -> org.hibernate.type.BasicTypeReference@6c0b51da
2025-07-14T13:26:01.848+05:30 DEBUG 17208 --- [Fashion-Nest-Application] [           main] org.hibernate.type.BasicTypeRegistry     : Adding type registration float -> org.hibernate.type.BasicTypeReference@7558633
2025-07-14T13:26:01.848+05:30 DEBUG 17208 --- [Fashion-Nest-Application] [           main] org.hibernate.type.BasicTypeRegistry     : Adding type registration float -> org.hibernate.type.BasicTypeReference@7558633
2025-07-14T13:26:01.848+05:30 DEBUG 17208 --- [Fashion-Nest-Application] [           main] org.hibernate.type.BasicTypeRegistry     : Adding type registration java.lang.Float -> org.hibernate.type.BasicTypeReference@7558633
2025-07-14T13:26:01.848+05:30 DEBUG 17208 --- [Fashion-Nest-Application] [           main] org.hibernate.type.BasicTypeRegistry     : Adding type registration double -> org.hibernate.type.BasicTypeReference@5657967b
2025-07-14T13:26:01.849+05:30 DEBUG 17208 --- [Fashion-Nest-Application] [           main] org.hibernate.type.BasicTypeRegistry     : Adding type registration double -> org.hibernate.type.BasicTypeReference@5657967b
2025-07-14T13:26:01.849+05:30 DEBUG 17208 --- [Fashion-Nest-Application] [           main] org.hibernate.type.BasicTypeRegistry     : Adding type registration java.lang.Double -> org.hibernate.type.BasicTypeReference@5657967b
2025-07-14T13:26:01.849+05:30 DEBUG 17208 --- [Fashion-Nest-Application] [           main] org.hibernate.type.BasicTypeRegistry     : Adding type registration big_integer -> org.hibernate.type.BasicTypeReference@61394494
2025-07-14T13:26:01.850+05:30 DEBUG 17208 --- [Fashion-Nest-Application] [           main] org.hibernate.type.BasicTypeRegistry     : Adding type registration java.math.BigInteger -> org.hibernate.type.BasicTypeReference@61394494
2025-07-14T13:26:01.850+05:30 DEBUG 17208 --- [Fashion-Nest-Application] [           main] org.hibernate.type.BasicTypeRegistry     : Adding type registration big_decimal -> org.hibernate.type.BasicTypeReference@578a5ce8
2025-07-14T13:26:01.851+05:30 DEBUG 17208 --- [Fashion-Nest-Application] [           main] org.hibernate.type.BasicTypeRegistry     : Adding type registration java.math.BigDecimal -> org.hibernate.type.BasicTypeReference@578a5ce8
2025-07-14T13:26:01.851+05:30 DEBUG 17208 --- [Fashion-Nest-Application] [           main] org.hibernate.type.BasicTypeRegistry     : Adding type registration character -> org.hibernate.type.BasicTypeReference@7c453c34
2025-07-14T13:26:01.852+05:30 DEBUG 17208 --- [Fashion-Nest-Application] [           main] org.hibernate.type.BasicTypeRegistry     : Adding type registration char -> org.hibernate.type.BasicTypeReference@7c453c34
2025-07-14T13:26:01.852+05:30 DEBUG 17208 --- [Fashion-Nest-Application] [           main] org.hibernate.type.BasicTypeRegistry     : Adding type registration java.lang.Character -> org.hibernate.type.BasicTypeReference@7c453c34
2025-07-14T13:26:01.852+05:30 DEBUG 17208 --- [Fashion-Nest-Application] [           main] org.hibernate.type.BasicTypeRegistry     : Adding type registration character_nchar -> org.hibernate.type.BasicTypeReference@16cb9989
2025-07-14T13:26:01.853+05:30 DEBUG 17208 --- [Fashion-Nest-Application] [           main] org.hibernate.type.BasicTypeRegistry     : Adding type registration string -> org.hibernate.type.BasicTypeReference@3dfd6220
2025-07-14T13:26:01.853+05:30 DEBUG 17208 --- [Fashion-Nest-Application] [           main] org.hibernate.type.BasicTypeRegistry     : Adding type registration java.lang.String -> org.hibernate.type.BasicTypeReference@3dfd6220
2025-07-14T13:26:01.853+05:30 DEBUG 17208 --- [Fashion-Nest-Application] [           main] org.hibernate.type.BasicTypeRegistry     : Adding type registration nstring -> org.hibernate.type.BasicTypeReference@3815146b
2025-07-14T13:26:01.853+05:30 DEBUG 17208 --- [Fashion-Nest-Application] [           main] org.hibernate.type.BasicTypeRegistry     : Adding type registration characters -> org.hibernate.type.BasicTypeReference@6de43bc1
2025-07-14T13:26:01.853+05:30 DEBUG 17208 --- [Fashion-Nest-Application] [           main] org.hibernate.type.BasicTypeRegistry     : Adding type registration char[] -> org.hibernate.type.BasicTypeReference@6de43bc1
2025-07-14T13:26:01.854+05:30 DEBUG 17208 --- [Fashion-Nest-Application] [           main] org.hibernate.type.BasicTypeRegistry     : Adding type registration [C -> org.hibernate.type.BasicTypeReference@6de43bc1
2025-07-14T13:26:01.854+05:30 DEBUG 17208 --- [Fashion-Nest-Application] [           main] org.hibernate.type.BasicTypeRegistry     : Adding type registration wrapper-characters -> org.hibernate.type.BasicTypeReference@27a9f025
2025-07-14T13:26:01.854+05:30 DEBUG 17208 --- [Fashion-Nest-Application] [           main] org.hibernate.type.BasicTypeRegistry     : Adding type registration text -> org.hibernate.type.BasicTypeReference@71936a92
2025-07-14T13:26:01.854+05:30 DEBUG 17208 --- [Fashion-Nest-Application] [           main] org.hibernate.type.BasicTypeRegistry     : Adding type registration ntext -> org.hibernate.type.BasicTypeReference@61359e87
2025-07-14T13:26:01.855+05:30 DEBUG 17208 --- [Fashion-Nest-Application] [           main] org.hibernate.type.BasicTypeRegistry     : Adding type registration clob -> org.hibernate.type.BasicTypeReference@2dc39b53
2025-07-14T13:26:01.855+05:30 DEBUG 17208 --- [Fashion-Nest-Application] [           main] org.hibernate.type.BasicTypeRegistry     : Adding type registration java.sql.Clob -> org.hibernate.type.BasicTypeReference@2dc39b53
2025-07-14T13:26:01.855+05:30 DEBUG 17208 --- [Fashion-Nest-Application] [           main] org.hibernate.type.BasicTypeRegistry     : Adding type registration nclob -> org.hibernate.type.BasicTypeReference@45037e16
2025-07-14T13:26:01.855+05:30 DEBUG 17208 --- [Fashion-Nest-Application] [           main] org.hibernate.type.BasicTypeRegistry     : Adding type registration java.sql.NClob -> org.hibernate.type.BasicTypeReference@45037e16
2025-07-14T13:26:01.855+05:30 DEBUG 17208 --- [Fashion-Nest-Application] [           main] org.hibernate.type.BasicTypeRegistry     : Adding type registration materialized_clob -> org.hibernate.type.BasicTypeReference@2f2e4bde
2025-07-14T13:26:01.857+05:30 DEBUG 17208 --- [Fashion-Nest-Application] [           main] org.hibernate.type.BasicTypeRegistry     : Adding type registration materialized_clob_char_array -> org.hibernate.type.BasicTypeReference@6222391a
2025-07-14T13:26:01.857+05:30 DEBUG 17208 --- [Fashion-Nest-Application] [           main] org.hibernate.type.BasicTypeRegistry     : Adding type registration materialized_clob_character_array -> org.hibernate.type.BasicTypeReference@538a2f0e
2025-07-14T13:26:01.857+05:30 DEBUG 17208 --- [Fashion-Nest-Application] [           main] org.hibernate.type.BasicTypeRegistry     : Adding type registration materialized_nclob -> org.hibernate.type.BasicTypeReference@d2708a7
2025-07-14T13:26:01.857+05:30 DEBUG 17208 --- [Fashion-Nest-Application] [           main] org.hibernate.type.BasicTypeRegistry     : Adding type registration materialized_nclob_character_array -> org.hibernate.type.BasicTypeReference@508ad266
2025-07-14T13:26:01.858+05:30 DEBUG 17208 --- [Fashion-Nest-Application] [           main] org.hibernate.type.BasicTypeRegistry     : Adding type registration materialized_nclob_char_array -> org.hibernate.type.BasicTypeReference@2313db84
2025-07-14T13:26:01.858+05:30 DEBUG 17208 --- [Fashion-Nest-Application] [           main] org.hibernate.type.BasicTypeRegistry     : Adding type registration Duration -> org.hibernate.type.BasicTypeReference@216372b7
2025-07-14T13:26:01.858+05:30 DEBUG 17208 --- [Fashion-Nest-Application] [           main] org.hibernate.type.BasicTypeRegistry     : Adding type registration java.time.Duration -> org.hibernate.type.BasicTypeReference@216372b7
2025-07-14T13:26:01.858+05:30 DEBUG 17208 --- [Fashion-Nest-Application] [           main] org.hibernate.type.BasicTypeRegistry     : Adding type registration LocalDateTime -> org.hibernate.type.BasicTypeReference@14b4340c
2025-07-14T13:26:01.859+05:30 DEBUG 17208 --- [Fashion-Nest-Application] [           main] org.hibernate.type.BasicTypeRegistry     : Adding type registration java.time.LocalDateTime -> org.hibernate.type.BasicTypeReference@14b4340c
2025-07-14T13:26:01.859+05:30 DEBUG 17208 --- [Fashion-Nest-Application] [           main] org.hibernate.type.BasicTypeRegistry     : Adding type registration LocalDate -> org.hibernate.type.BasicTypeReference@12abcd1e
2025-07-14T13:26:01.859+05:30 DEBUG 17208 --- [Fashion-Nest-Application] [           main] org.hibernate.type.BasicTypeRegistry     : Adding type registration java.time.LocalDate -> org.hibernate.type.BasicTypeReference@12abcd1e
2025-07-14T13:26:01.859+05:30 DEBUG 17208 --- [Fashion-Nest-Application] [           main] org.hibernate.type.BasicTypeRegistry     : Adding type registration LocalTime -> org.hibernate.type.BasicTypeReference@2fd9fb34
2025-07-14T13:26:01.859+05:30 DEBUG 17208 --- [Fashion-Nest-Application] [           main] org.hibernate.type.BasicTypeRegistry     : Adding type registration java.time.LocalTime -> org.hibernate.type.BasicTypeReference@2fd9fb34
2025-07-14T13:26:01.860+05:30 DEBUG 17208 --- [Fashion-Nest-Application] [           main] org.hibernate.type.BasicTypeRegistry     : Adding type registration OffsetDateTime -> org.hibernate.type.BasicTypeReference@1595d2b2
2025-07-14T13:26:01.860+05:30 DEBUG 17208 --- [Fashion-Nest-Application] [           main] org.hibernate.type.BasicTypeRegistry     : Adding type registration java.time.OffsetDateTime -> org.hibernate.type.BasicTypeReference@1595d2b2
2025-07-14T13:26:01.860+05:30 DEBUG 17208 --- [Fashion-Nest-Application] [           main] org.hibernate.type.BasicTypeRegistry     : Adding type registration OffsetDateTimeWithTimezone -> org.hibernate.type.BasicTypeReference@20349058
2025-07-14T13:26:01.860+05:30 DEBUG 17208 --- [Fashion-Nest-Application] [           main] org.hibernate.type.BasicTypeRegistry     : Adding type registration OffsetDateTimeWithoutTimezone -> org.hibernate.type.BasicTypeReference@6cbb7a7d
2025-07-14T13:26:01.860+05:30 DEBUG 17208 --- [Fashion-Nest-Application] [           main] org.hibernate.type.BasicTypeRegistry     : Adding type registration OffsetTime -> org.hibernate.type.BasicTypeReference@cdb3c85
2025-07-14T13:26:01.860+05:30 DEBUG 17208 --- [Fashion-Nest-Application] [           main] org.hibernate.type.BasicTypeRegistry     : Adding type registration java.time.OffsetTime -> org.hibernate.type.BasicTypeReference@cdb3c85
2025-07-14T13:26:01.860+05:30 DEBUG 17208 --- [Fashion-Nest-Application] [           main] org.hibernate.type.BasicTypeRegistry     : Adding type registration OffsetTimeUtc -> org.hibernate.type.BasicTypeReference@37606fee
2025-07-14T13:26:01.861+05:30 DEBUG 17208 --- [Fashion-Nest-Application] [           main] org.hibernate.type.BasicTypeRegistry     : Adding type registration OffsetTimeWithTimezone -> org.hibernate.type.BasicTypeReference@33d28f0a
2025-07-14T13:26:01.861+05:30 DEBUG 17208 --- [Fashion-Nest-Application] [           main] org.hibernate.type.BasicTypeRegistry     : Adding type registration OffsetTimeWithoutTimezone -> org.hibernate.type.BasicTypeReference@48d739f
2025-07-14T13:26:01.861+05:30 DEBUG 17208 --- [Fashion-Nest-Application] [           main] org.hibernate.type.BasicTypeRegistry     : Adding type registration ZonedDateTime -> org.hibernate.type.BasicTypeReference@51e7589f
2025-07-14T13:26:01.861+05:30 DEBUG 17208 --- [Fashion-Nest-Application] [           main] org.hibernate.type.BasicTypeRegistry     : Adding type registration java.time.ZonedDateTime -> org.hibernate.type.BasicTypeReference@51e7589f
2025-07-14T13:26:01.861+05:30 DEBUG 17208 --- [Fashion-Nest-Application] [           main] org.hibernate.type.BasicTypeRegistry     : Adding type registration ZonedDateTimeWithTimezone -> org.hibernate.type.BasicTypeReference@65cc5252
2025-07-14T13:26:01.862+05:30 DEBUG 17208 --- [Fashion-Nest-Application] [           main] org.hibernate.type.BasicTypeRegistry     : Adding type registration ZonedDateTimeWithoutTimezone -> org.hibernate.type.BasicTypeReference@42c12b3e
2025-07-14T13:26:01.862+05:30 DEBUG 17208 --- [Fashion-Nest-Application] [           main] org.hibernate.type.BasicTypeRegistry     : Adding type registration date -> org.hibernate.type.BasicTypeReference@2dbfa972
2025-07-14T13:26:01.862+05:30 DEBUG 17208 --- [Fashion-Nest-Application] [           main] org.hibernate.type.BasicTypeRegistry     : Adding type registration java.sql.Date -> org.hibernate.type.BasicTypeReference@2dbfa972
2025-07-14T13:26:01.862+05:30 DEBUG 17208 --- [Fashion-Nest-Application] [           main] org.hibernate.type.BasicTypeRegistry     : Adding type registration time -> org.hibernate.type.BasicTypeReference@46f73ffa
2025-07-14T13:26:01.862+05:30 DEBUG 17208 --- [Fashion-Nest-Application] [           main] org.hibernate.type.BasicTypeRegistry     : Adding type registration java.sql.Time -> org.hibernate.type.BasicTypeReference@46f73ffa
2025-07-14T13:26:01.862+05:30 DEBUG 17208 --- [Fashion-Nest-Application] [           main] org.hibernate.type.BasicTypeRegistry     : Adding type registration timestamp -> org.hibernate.type.BasicTypeReference@41aebbb4
2025-07-14T13:26:01.863+05:30 DEBUG 17208 --- [Fashion-Nest-Application] [           main] org.hibernate.type.BasicTypeRegistry     : Adding type registration java.sql.Timestamp -> org.hibernate.type.BasicTypeReference@41aebbb4
2025-07-14T13:26:01.863+05:30 DEBUG 17208 --- [Fashion-Nest-Application] [           main] org.hibernate.type.BasicTypeRegistry     : Adding type registration java.util.Date -> org.hibernate.type.BasicTypeReference@41aebbb4
2025-07-14T13:26:01.863+05:30 DEBUG 17208 --- [Fashion-Nest-Application] [           main] org.hibernate.type.BasicTypeRegistry     : Adding type registration calendar -> org.hibernate.type.BasicTypeReference@afde064
2025-07-14T13:26:01.863+05:30 DEBUG 17208 --- [Fashion-Nest-Application] [           main] org.hibernate.type.BasicTypeRegistry     : Adding type registration java.util.Calendar -> org.hibernate.type.BasicTypeReference@afde064
2025-07-14T13:26:01.863+05:30 DEBUG 17208 --- [Fashion-Nest-Application] [           main] org.hibernate.type.BasicTypeRegistry     : Adding type registration java.util.GregorianCalendar -> org.hibernate.type.BasicTypeReference@afde064
2025-07-14T13:26:01.865+05:30 DEBUG 17208 --- [Fashion-Nest-Application] [           main] org.hibernate.type.BasicTypeRegistry     : Adding type registration calendar_date -> org.hibernate.type.BasicTypeReference@5a592c70
2025-07-14T13:26:01.866+05:30 DEBUG 17208 --- [Fashion-Nest-Application] [           main] org.hibernate.type.BasicTypeRegistry     : Adding type registration calendar_time -> org.hibernate.type.BasicTypeReference@11e9ac24
2025-07-14T13:26:01.866+05:30 DEBUG 17208 --- [Fashion-Nest-Application] [           main] org.hibernate.type.BasicTypeRegistry     : Adding type registration instant -> org.hibernate.type.BasicTypeReference@74f280bd
2025-07-14T13:26:01.867+05:30 DEBUG 17208 --- [Fashion-Nest-Application] [           main] org.hibernate.type.BasicTypeRegistry     : Adding type registration java.time.Instant -> org.hibernate.type.BasicTypeReference@74f280bd
2025-07-14T13:26:01.867+05:30 DEBUG 17208 --- [Fashion-Nest-Application] [           main] org.hibernate.type.BasicTypeRegistry     : Adding type registration uuid -> org.hibernate.type.BasicTypeReference@675b18ff
2025-07-14T13:26:01.867+05:30 DEBUG 17208 --- [Fashion-Nest-Application] [           main] org.hibernate.type.BasicTypeRegistry     : Adding type registration java.util.UUID -> org.hibernate.type.BasicTypeReference@675b18ff
2025-07-14T13:26:01.867+05:30 DEBUG 17208 --- [Fashion-Nest-Application] [           main] org.hibernate.type.BasicTypeRegistry     : Adding type registration pg-uuid -> org.hibernate.type.BasicTypeReference@675b18ff
2025-07-14T13:26:01.868+05:30 DEBUG 17208 --- [Fashion-Nest-Application] [           main] org.hibernate.type.BasicTypeRegistry     : Adding type registration uuid-binary -> org.hibernate.type.BasicTypeReference@34279b8a
2025-07-14T13:26:01.868+05:30 DEBUG 17208 --- [Fashion-Nest-Application] [           main] org.hibernate.type.BasicTypeRegistry     : Adding type registration uuid-char -> org.hibernate.type.BasicTypeReference@687389a6
2025-07-14T13:26:01.868+05:30 DEBUG 17208 --- [Fashion-Nest-Application] [           main] org.hibernate.type.BasicTypeRegistry     : Adding type registration class -> org.hibernate.type.BasicTypeReference@8641b7d
2025-07-14T13:26:01.868+05:30 DEBUG 17208 --- [Fashion-Nest-Application] [           main] org.hibernate.type.BasicTypeRegistry     : Adding type registration java.lang.Class -> org.hibernate.type.BasicTypeReference@8641b7d
2025-07-14T13:26:01.869+05:30 DEBUG 17208 --- [Fashion-Nest-Application] [           main] org.hibernate.type.BasicTypeRegistry     : Adding type registration currency -> org.hibernate.type.BasicTypeReference@37c7766e
2025-07-14T13:26:01.869+05:30 DEBUG 17208 --- [Fashion-Nest-Application] [           main] org.hibernate.type.BasicTypeRegistry     : Adding type registration Currency -> org.hibernate.type.BasicTypeReference@37c7766e
2025-07-14T13:26:01.869+05:30 DEBUG 17208 --- [Fashion-Nest-Application] [           main] org.hibernate.type.BasicTypeRegistry     : Adding type registration java.util.Currency -> org.hibernate.type.BasicTypeReference@37c7766e
2025-07-14T13:26:01.869+05:30 DEBUG 17208 --- [Fashion-Nest-Application] [           main] org.hibernate.type.BasicTypeRegistry     : Adding type registration locale -> org.hibernate.type.BasicTypeReference@3fb450d7
2025-07-14T13:26:01.869+05:30 DEBUG 17208 --- [Fashion-Nest-Application] [           main] org.hibernate.type.BasicTypeRegistry     : Adding type registration java.util.Locale -> org.hibernate.type.BasicTypeReference@3fb450d7
2025-07-14T13:26:01.869+05:30 DEBUG 17208 --- [Fashion-Nest-Application] [           main] org.hibernate.type.BasicTypeRegistry     : Adding type registration serializable -> org.hibernate.type.BasicTypeReference@4b7ed03e
2025-07-14T13:26:01.870+05:30 DEBUG 17208 --- [Fashion-Nest-Application] [           main] org.hibernate.type.BasicTypeRegistry     : Adding type registration java.io.Serializable -> org.hibernate.type.BasicTypeReference@4b7ed03e
2025-07-14T13:26:01.870+05:30 DEBUG 17208 --- [Fashion-Nest-Application] [           main] org.hibernate.type.BasicTypeRegistry     : Adding type registration timezone -> org.hibernate.type.BasicTypeReference@636985df
2025-07-14T13:26:01.870+05:30 DEBUG 17208 --- [Fashion-Nest-Application] [           main] org.hibernate.type.BasicTypeRegistry     : Adding type registration java.util.TimeZone -> org.hibernate.type.BasicTypeReference@636985df
2025-07-14T13:26:01.870+05:30 DEBUG 17208 --- [Fashion-Nest-Application] [           main] org.hibernate.type.BasicTypeRegistry     : Adding type registration ZoneOffset -> org.hibernate.type.BasicTypeReference@6f91fbda
2025-07-14T13:26:01.871+05:30 DEBUG 17208 --- [Fashion-Nest-Application] [           main] org.hibernate.type.BasicTypeRegistry     : Adding type registration java.time.ZoneOffset -> org.hibernate.type.BasicTypeReference@6f91fbda
2025-07-14T13:26:01.871+05:30 DEBUG 17208 --- [Fashion-Nest-Application] [           main] org.hibernate.type.BasicTypeRegistry     : Adding type registration url -> org.hibernate.type.BasicTypeReference@723e3c17
2025-07-14T13:26:01.871+05:30 DEBUG 17208 --- [Fashion-Nest-Application] [           main] org.hibernate.type.BasicTypeRegistry     : Adding type registration java.net.URL -> org.hibernate.type.BasicTypeReference@723e3c17
2025-07-14T13:26:01.871+05:30 DEBUG 17208 --- [Fashion-Nest-Application] [           main] org.hibernate.type.BasicTypeRegistry     : Adding type registration vector -> org.hibernate.type.BasicTypeReference@4ffced4e
2025-07-14T13:26:01.871+05:30 DEBUG 17208 --- [Fashion-Nest-Application] [           main] org.hibernate.type.BasicTypeRegistry     : Adding type registration row_version -> org.hibernate.type.BasicTypeReference@6094de13
2025-07-14T13:26:01.885+05:30 DEBUG 17208 --- [Fashion-Nest-Application] [           main] org.hibernate.type.BasicTypeRegistry     : Adding type registration object -> org.hibernate.type.JavaObjectType@3002e397
2025-07-14T13:26:01.886+05:30 DEBUG 17208 --- [Fashion-Nest-Application] [           main] org.hibernate.type.BasicTypeRegistry     : Adding type registration java.lang.Object -> org.hibernate.type.JavaObjectType@3002e397
2025-07-14T13:26:01.889+05:30 DEBUG 17208 --- [Fashion-Nest-Application] [           main] org.hibernate.type.BasicTypeRegistry     : Adding type registration null -> org.hibernate.type.NullType@2b6fb197
2025-07-14T13:26:01.889+05:30 DEBUG 17208 --- [Fashion-Nest-Application] [           main] org.hibernate.type.BasicTypeRegistry     : Adding type registration imm_date -> org.hibernate.type.BasicTypeReference@2eb0cefe
2025-07-14T13:26:01.889+05:30 DEBUG 17208 --- [Fashion-Nest-Application] [           main] org.hibernate.type.BasicTypeRegistry     : Adding type registration imm_time -> org.hibernate.type.BasicTypeReference@5a2ae1ab
2025-07-14T13:26:01.889+05:30 DEBUG 17208 --- [Fashion-Nest-Application] [           main] org.hibernate.type.BasicTypeRegistry     : Adding type registration imm_timestamp -> org.hibernate.type.BasicTypeReference@2bec068b
2025-07-14T13:26:01.890+05:30 DEBUG 17208 --- [Fashion-Nest-Application] [           main] org.hibernate.type.BasicTypeRegistry     : Adding type registration imm_calendar -> org.hibernate.type.BasicTypeReference@7d59e968
2025-07-14T13:26:01.890+05:30 DEBUG 17208 --- [Fashion-Nest-Application] [           main] org.hibernate.type.BasicTypeRegistry     : Adding type registration imm_calendar_date -> org.hibernate.type.BasicTypeReference@55361f03
2025-07-14T13:26:01.890+05:30 DEBUG 17208 --- [Fashion-Nest-Application] [           main] org.hibernate.type.BasicTypeRegistry     : Adding type registration imm_calendar_time -> org.hibernate.type.BasicTypeReference@581c9bb7
2025-07-14T13:26:01.890+05:30 DEBUG 17208 --- [Fashion-Nest-Application] [           main] org.hibernate.type.BasicTypeRegistry     : Adding type registration imm_binary -> org.hibernate.type.BasicTypeReference@138f0661
2025-07-14T13:26:01.891+05:30 DEBUG 17208 --- [Fashion-Nest-Application] [           main] org.hibernate.type.BasicTypeRegistry     : Adding type registration imm_serializable -> org.hibernate.type.BasicTypeReference@212fafd1
2025-07-14T13:26:01.902+05:30 DEBUG 17208 --- [Fashion-Nest-Application] [           main] o.h.boot.internal.BootstrapContextImpl   : Injecting JPA temp ClassLoader [org.springframework.instrument.classloading.SimpleThrowawayClassLoader@5cff729b] into BootstrapContext; was [null]
2025-07-14T13:26:01.902+05:30 DEBUG 17208 --- [Fashion-Nest-Application] [           main] o.h.boot.internal.ClassLoaderAccessImpl  : ClassLoaderAccessImpl#injectTempClassLoader(org.springframework.instrument.classloading.SimpleThrowawayClassLoader@5cff729b) [was null]
2025-07-14T13:26:01.903+05:30 DEBUG 17208 --- [Fashion-Nest-Application] [           main] o.h.boot.internal.BootstrapContextImpl   : Injecting ScanEnvironment [org.hibernate.jpa.boot.internal.StandardJpaScanEnvironmentImpl@4602f874] into BootstrapContext; was [null]
2025-07-14T13:26:01.904+05:30 DEBUG 17208 --- [Fashion-Nest-Application] [           main] o.h.boot.internal.BootstrapContextImpl   : Injecting ScanOptions [org.hibernate.boot.archive.scan.internal.StandardScanOptions@7739aac4] into BootstrapContext; was [org.hibernate.boot.archive.scan.internal.StandardScanOptions@353c6da1]
2025-07-14T13:26:02.357+05:30  INFO 17208 --- [Fashion-Nest-Application] [           main] o.s.o.j.p.SpringPersistenceUnitInfo      : No LoadTimeWeaver setup: ignoring JPA class transformer
2025-07-14T13:26:02.358+05:30 DEBUG 17208 --- [Fashion-Nest-Application] [           main] o.h.boot.internal.BootstrapContextImpl   : Injecting JPA temp ClassLoader [null] into BootstrapContext; was [org.springframework.instrument.classloading.SimpleThrowawayClassLoader@5cff729b]
2025-07-14T13:26:02.358+05:30 DEBUG 17208 --- [Fashion-Nest-Application] [           main] o.h.boot.internal.ClassLoaderAccessImpl  : ClassLoaderAccessImpl#injectTempClassLoader(null) [was org.springframework.instrument.classloading.SimpleThrowawayClassLoader@5cff729b]
2025-07-14T13:26:02.415+05:30  INFO 17208 --- [Fashion-Nest-Application] [           main] com.zaxxer.hikari.HikariDataSource       : HikariPool-1 - Starting...
2025-07-14T13:26:02.424+05:30  WARN 17208 --- [Fashion-Nest-Application] [           main] c.zaxxer.hikari.util.DriverDataSource    : Registered driver with driverClassName=com.mysql.jdbc.Driver was not found, trying direct instantiation.
2025-07-14T13:26:06.623+05:30  INFO 17208 --- [Fashion-Nest-Application] [           main] com.zaxxer.hikari.pool.HikariPool        : HikariPool-1 - Added connection com.mysql.cj.jdbc.ConnectionImpl@6533629
2025-07-14T13:26:06.633+05:30  INFO 17208 --- [Fashion-Nest-Application] [           main] com.zaxxer.hikari.HikariDataSource       : HikariPool-1 - Start completed.
2025-07-14T13:26:06.642+05:30 DEBUG 17208 --- [Fashion-Nest-Application] [           main] o.h.e.j.e.i.JdbcEnvironmentInitiator     : Database ->
	   name : MySQL
	version : 9.3.0
	  major : 9
	  minor : 3
2025-07-14T13:26:06.642+05:30 DEBUG 17208 --- [Fashion-Nest-Application] [           main] o.h.e.j.e.i.JdbcEnvironmentInitiator     : Driver ->
	   name : MySQL Connector/J
	version : mysql-connector-j-8.3.0 (Revision: 805f872a57875f311cb82487efcfb070411a3fa0)
	  major : 8
	  minor : 3
2025-07-14T13:26:06.643+05:30 DEBUG 17208 --- [Fashion-Nest-Application] [           main] o.h.e.j.e.i.JdbcEnvironmentInitiator     : JDBC version : 4.2
2025-07-14T13:26:07.416+05:30  WARN 17208 --- [Fashion-Nest-Application] [           main] org.hibernate.orm.deprecation            : HHH90000025: MySQLDialect does not need to be specified explicitly using 'hibernate.dialect' (remove the property setting and it will be selected by default)
2025-07-14T13:26:07.418+05:30 DEBUG 17208 --- [Fashion-Nest-Application] [           main] org.hibernate.orm.dialect                : HHH035001: Using dialect: org.hibernate.dialect.MySQLDialect, version: 9.3
2025-07-14T13:26:07.429+05:30 DEBUG 17208 --- [Fashion-Nest-Application] [           main] o.h.e.j.env.spi.IdentifierHelperBuilder  : JDBC driver metadata reported database stores quoted identifiers in more than one case
2025-07-14T13:26:07.429+05:30 DEBUG 17208 --- [Fashion-Nest-Application] [           main] o.h.e.j.env.spi.IdentifierHelperBuilder  : IdentifierCaseStrategy for both quoted and unquoted identifiers was set to the same strategy [MIXED]; that will likely lead to problems in schema update and validation if using quoted identifiers
2025-07-14T13:26:07.476+05:30 DEBUG 17208 --- [Fashion-Nest-Application] [           main] o.h.t.d.sql.spi.DdlTypeRegistry          : addDescriptor(12, org.hibernate.type.descriptor.sql.internal.CapacityDependentDdlType@76e00bdb) replaced previous registration(org.hibernate.type.descriptor.sql.internal.CapacityDependentDdlType@7ee2423)
2025-07-14T13:26:07.476+05:30 DEBUG 17208 --- [Fashion-Nest-Application] [           main] o.h.t.d.sql.spi.DdlTypeRegistry          : addDescriptor(-9, org.hibernate.type.descriptor.sql.internal.CapacityDependentDdlType@343d1d25) replaced previous registration(org.hibernate.type.descriptor.sql.internal.CapacityDependentDdlType@762da62b)
2025-07-14T13:26:07.476+05:30 DEBUG 17208 --- [Fashion-Nest-Application] [           main] o.h.t.d.sql.spi.DdlTypeRegistry          : addDescriptor(-3, org.hibernate.type.descriptor.sql.internal.CapacityDependentDdlType@e5c5e6) replaced previous registration(org.hibernate.type.descriptor.sql.internal.CapacityDependentDdlType@76dc36e5)
2025-07-14T13:26:07.477+05:30 DEBUG 17208 --- [Fashion-Nest-Application] [           main] o.h.t.d.sql.spi.DdlTypeRegistry          : addDescriptor(4003, org.hibernate.type.descriptor.sql.internal.DdlTypeImpl@2a54c92e) replaced previous registration(org.hibernate.type.descriptor.sql.internal.DdlTypeImpl@31533eb1)
2025-07-14T13:26:07.477+05:30 DEBUG 17208 --- [Fashion-Nest-Application] [           main] o.h.t.d.sql.spi.DdlTypeRegistry          : addDescriptor(4001, org.hibernate.type.descriptor.sql.internal.DdlTypeImpl@1fb71788) replaced previous registration(org.hibernate.type.descriptor.sql.internal.DdlTypeImpl@8cb7185)
2025-07-14T13:26:07.477+05:30 DEBUG 17208 --- [Fashion-Nest-Application] [           main] o.h.t.d.sql.spi.DdlTypeRegistry          : addDescriptor(4002, org.hibernate.type.descriptor.sql.internal.DdlTypeImpl@4dac40b) replaced previous registration(org.hibernate.type.descriptor.sql.internal.DdlTypeImpl@2c54c497)
2025-07-14T13:26:07.477+05:30 DEBUG 17208 --- [Fashion-Nest-Application] [           main] o.h.t.d.sql.spi.DdlTypeRegistry          : addDescriptor(2004, org.hibernate.type.descriptor.sql.internal.CapacityDependentDdlType@b788dc2) replaced previous registration(org.hibernate.type.descriptor.sql.internal.DdlTypeImpl@58ec8271)
2025-07-14T13:26:07.478+05:30 DEBUG 17208 --- [Fashion-Nest-Application] [           main] o.h.t.d.sql.spi.DdlTypeRegistry          : addDescriptor(2005, org.hibernate.type.descriptor.sql.internal.CapacityDependentDdlType@a44effb) replaced previous registration(org.hibernate.type.descriptor.sql.internal.DdlTypeImpl@3ee258)
2025-07-14T13:26:07.478+05:30 DEBUG 17208 --- [Fashion-Nest-Application] [           main] o.h.t.d.sql.spi.DdlTypeRegistry          : addDescriptor(2011, org.hibernate.type.descriptor.sql.internal.CapacityDependentDdlType@4f676900) replaced previous registration(org.hibernate.type.descriptor.sql.internal.DdlTypeImpl@73a49597)
2025-07-14T13:26:07.482+05:30 DEBUG 17208 --- [Fashion-Nest-Application] [           main] o.h.t.d.jdbc.spi.JdbcTypeRegistry        : addDescriptor(NCharTypeDescriptor) replaced previous registration(CharTypeDescriptor)
2025-07-14T13:26:07.482+05:30 DEBUG 17208 --- [Fashion-Nest-Application] [           main] o.h.t.d.jdbc.spi.JdbcTypeRegistry        : addDescriptor(NVarcharTypeDescriptor) replaced previous registration(VarcharTypeDescriptor)
2025-07-14T13:26:07.483+05:30 DEBUG 17208 --- [Fashion-Nest-Application] [           main] o.h.t.d.jdbc.spi.JdbcTypeRegistry        : addDescriptor(LongNVarcharTypeDescriptor) replaced previous registration(LongVarcharTypeDescriptor)
2025-07-14T13:26:07.491+05:30 DEBUG 17208 --- [Fashion-Nest-Application] [           main] o.h.t.d.jdbc.spi.JdbcTypeRegistry        : addDescriptor(NClobTypeDescriptor(DEFAULT)) replaced previous registration(ClobTypeDescriptor(DEFAULT))
2025-07-14T13:26:07.491+05:30 DEBUG 17208 --- [Fashion-Nest-Application] [           main] o.h.t.d.jdbc.spi.JdbcTypeRegistry        : addDescriptor(2005, ClobTypeDescriptor(STREAM_BINDING)) replaced previous registration(ClobTypeDescriptor(DEFAULT))
2025-07-14T13:26:07.498+05:30 DEBUG 17208 --- [Fashion-Nest-Application] [           main] org.hibernate.type.BasicTypeRegistry     : Adding type registration null -> org.hibernate.type.NullType@26aee0a6
2025-07-14T13:26:07.498+05:30 DEBUG 17208 --- [Fashion-Nest-Application] [           main] org.hibernate.type.BasicTypeRegistry     : Type registration key [null] overrode previous entry : `org.hibernate.type.NullType@2b6fb197`
2025-07-14T13:26:07.508+05:30 DEBUG 17208 --- [Fashion-Nest-Application] [           main] org.hibernate.type.BasicTypeRegistry     : Adding type registration org.hibernate.type.DurationType -> basicType@1(java.time.Duration,3015)
2025-07-14T13:26:07.508+05:30 DEBUG 17208 --- [Fashion-Nest-Application] [           main] org.hibernate.type.BasicTypeRegistry     : Adding type registration Duration -> basicType@1(java.time.Duration,3015)
2025-07-14T13:26:07.508+05:30 DEBUG 17208 --- [Fashion-Nest-Application] [           main] org.hibernate.type.BasicTypeRegistry     : Adding type registration java.time.Duration -> basicType@1(java.time.Duration,3015)
2025-07-14T13:26:07.519+05:30 DEBUG 17208 --- [Fashion-Nest-Application] [           main] org.hibernate.type.BasicTypeRegistry     : Adding type registration org.hibernate.type.OffsetDateTimeType -> basicType@2(java.time.OffsetDateTime,3003)
2025-07-14T13:26:07.519+05:30 DEBUG 17208 --- [Fashion-Nest-Application] [           main] org.hibernate.type.BasicTypeRegistry     : Adding type registration OffsetDateTime -> basicType@2(java.time.OffsetDateTime,3003)
2025-07-14T13:26:07.519+05:30 DEBUG 17208 --- [Fashion-Nest-Application] [           main] org.hibernate.type.BasicTypeRegistry     : Adding type registration java.time.OffsetDateTime -> basicType@2(java.time.OffsetDateTime,3003)
2025-07-14T13:26:07.519+05:30 DEBUG 17208 --- [Fashion-Nest-Application] [           main] org.hibernate.type.BasicTypeRegistry     : Adding type registration org.hibernate.type.ZonedDateTimeType -> basicType@3(java.time.ZonedDateTime,3003)
2025-07-14T13:26:07.520+05:30 DEBUG 17208 --- [Fashion-Nest-Application] [           main] org.hibernate.type.BasicTypeRegistry     : Adding type registration ZonedDateTime -> basicType@3(java.time.ZonedDateTime,3003)
2025-07-14T13:26:07.520+05:30 DEBUG 17208 --- [Fashion-Nest-Application] [           main] org.hibernate.type.BasicTypeRegistry     : Adding type registration java.time.ZonedDateTime -> basicType@3(java.time.ZonedDateTime,3003)
2025-07-14T13:26:07.523+05:30 DEBUG 17208 --- [Fashion-Nest-Application] [           main] org.hibernate.type.BasicTypeRegistry     : Adding type registration org.hibernate.type.OffsetTimeType -> basicType@4(java.time.OffsetTime,3007)
2025-07-14T13:26:07.524+05:30 DEBUG 17208 --- [Fashion-Nest-Application] [           main] org.hibernate.type.BasicTypeRegistry     : Adding type registration OffsetTime -> basicType@4(java.time.OffsetTime,3007)
2025-07-14T13:26:07.524+05:30 DEBUG 17208 --- [Fashion-Nest-Application] [           main] org.hibernate.type.BasicTypeRegistry     : Adding type registration java.time.OffsetTime -> basicType@4(java.time.OffsetTime,3007)
2025-07-14T13:26:07.528+05:30 DEBUG 17208 --- [Fashion-Nest-Application] [           main] o.h.type.spi.TypeConfiguration$Scope     : Scoping TypeConfiguration [org.hibernate.type.spi.TypeConfiguration@3593e074] to MetadataBuildingContext [org.hibernate.boot.internal.MetadataBuildingContextRootImpl@79d14037]
2025-07-14T13:26:07.615+05:30 DEBUG 17208 --- [Fashion-Nest-Application] [           main] o.h.boot.model.relational.Namespace      : Created database namespace [logicalName=Name{catalog=null, schema=null}, physicalName=Name{catalog=null, schema=null}]
2025-07-14T13:26:07.667+05:30 DEBUG 17208 --- [Fashion-Nest-Application] [           main] o.h.boot.model.internal.EntityBinder     : Binding entity from annotated class: com.fashionnest.Fashion_Nest_Application.model.Address
2025-07-14T13:26:07.681+05:30 DEBUG 17208 --- [Fashion-Nest-Application] [           main] o.h.boot.model.internal.EntityBinder     : Import with entity name Address
2025-07-14T13:26:07.694+05:30 DEBUG 17208 --- [Fashion-Nest-Application] [           main] o.h.boot.model.internal.EntityBinder     : Bind entity com.fashionnest.Fashion_Nest_Application.model.Address on table address
2025-07-14T13:26:07.717+05:30 DEBUG 17208 --- [Fashion-Nest-Application] [           main] o.h.boot.model.internal.AnnotatedColumn  : Binding column: AnnotatedDiscriminatorColumn(column='DTYPE')
2025-07-14T13:26:07.773+05:30 DEBUG 17208 --- [Fashion-Nest-Application] [           main] o.h.boot.model.internal.AnnotatedColumn  : Binding column: AnnotatedColumn()
2025-07-14T13:26:07.775+05:30 DEBUG 17208 --- [Fashion-Nest-Application] [           main] o.h.boot.internal.ClassLoaderAccessImpl  : Not known whether passed class name [com.fashionnest.Fashion_Nest_Application.model.Address] is safe
2025-07-14T13:26:07.775+05:30 DEBUG 17208 --- [Fashion-Nest-Application] [           main] o.h.boot.internal.ClassLoaderAccessImpl  : No temp ClassLoader provided; using live ClassLoader for loading potentially unsafe class : com.fashionnest.Fashion_Nest_Application.model.Address
2025-07-14T13:26:07.784+05:30 DEBUG 17208 --- [Fashion-Nest-Application] [           main] o.h.boot.model.internal.PropertyBinder   : MetadataSourceProcessor property id with lazy=false
2025-07-14T13:26:07.794+05:30 DEBUG 17208 --- [Fashion-Nest-Application] [           main] o.h.b.m.internal.AbstractPropertyHolder  : Attempting to locate auto-apply AttributeConverter for property [com.fashionnest.Fashion_Nest_Application.model.Address:id]
2025-07-14T13:26:07.805+05:30 DEBUG 17208 --- [Fashion-Nest-Application] [           main] o.h.b.model.internal.BasicValueBinder    : building BasicValue for id
2025-07-14T13:26:07.809+05:30 DEBUG 17208 --- [Fashion-Nest-Application] [           main] org.hibernate.mapping.BasicValue         : Skipping column re-registration: address.id
2025-07-14T13:26:07.812+05:30 DEBUG 17208 --- [Fashion-Nest-Application] [           main] o.h.boot.model.internal.PropertyBinder   : Building property id
2025-07-14T13:26:07.820+05:30 DEBUG 17208 --- [Fashion-Nest-Application] [           main] o.h.boot.model.internal.BinderHelper     : #makeIdGenerator(BasicValue([Column(id)]), id, org.hibernate.id.enhanced.SequenceStyleGenerator, , ...)
2025-07-14T13:26:07.822+05:30 DEBUG 17208 --- [Fashion-Nest-Application] [           main] o.h.boot.model.internal.AnnotatedColumn  : Binding column: AnnotatedColumn(column='city')
2025-07-14T13:26:07.823+05:30 DEBUG 17208 --- [Fashion-Nest-Application] [           main] o.h.boot.model.internal.PropertyBinder   : MetadataSourceProcessor property city with lazy=false
2025-07-14T13:26:07.823+05:30 DEBUG 17208 --- [Fashion-Nest-Application] [           main] o.h.b.m.internal.AbstractPropertyHolder  : Attempting to locate auto-apply AttributeConverter for property [com.fashionnest.Fashion_Nest_Application.model.Address:city]
2025-07-14T13:26:07.823+05:30 DEBUG 17208 --- [Fashion-Nest-Application] [           main] o.h.b.model.internal.BasicValueBinder    : building BasicValue for city
2025-07-14T13:26:07.823+05:30 DEBUG 17208 --- [Fashion-Nest-Application] [           main] org.hibernate.mapping.BasicValue         : Skipping column re-registration: address.city
2025-07-14T13:26:07.823+05:30 DEBUG 17208 --- [Fashion-Nest-Application] [           main] o.h.boot.model.internal.PropertyBinder   : Building property city
2025-07-14T13:26:07.824+05:30 DEBUG 17208 --- [Fashion-Nest-Application] [           main] o.h.boot.model.internal.AnnotatedColumn  : Binding column: AnnotatedColumn(column='first_name')
2025-07-14T13:26:07.825+05:30 DEBUG 17208 --- [Fashion-Nest-Application] [           main] o.h.boot.model.internal.PropertyBinder   : MetadataSourceProcessor property firstName with lazy=false
2025-07-14T13:26:07.825+05:30 DEBUG 17208 --- [Fashion-Nest-Application] [           main] o.h.b.m.internal.AbstractPropertyHolder  : Attempting to locate auto-apply AttributeConverter for property [com.fashionnest.Fashion_Nest_Application.model.Address:firstName]
2025-07-14T13:26:07.825+05:30 DEBUG 17208 --- [Fashion-Nest-Application] [           main] o.h.b.model.internal.BasicValueBinder    : building BasicValue for firstName
2025-07-14T13:26:07.825+05:30 DEBUG 17208 --- [Fashion-Nest-Application] [           main] org.hibernate.mapping.BasicValue         : Skipping column re-registration: address.first_name
2025-07-14T13:26:07.825+05:30 DEBUG 17208 --- [Fashion-Nest-Application] [           main] o.h.boot.model.internal.PropertyBinder   : Building property firstName
2025-07-14T13:26:07.826+05:30 DEBUG 17208 --- [Fashion-Nest-Application] [           main] o.h.boot.model.internal.AnnotatedColumn  : Binding column: AnnotatedColumn(column='last_name')
2025-07-14T13:26:07.826+05:30 DEBUG 17208 --- [Fashion-Nest-Application] [           main] o.h.boot.model.internal.PropertyBinder   : MetadataSourceProcessor property lastName with lazy=false
2025-07-14T13:26:07.826+05:30 DEBUG 17208 --- [Fashion-Nest-Application] [           main] o.h.b.m.internal.AbstractPropertyHolder  : Attempting to locate auto-apply AttributeConverter for property [com.fashionnest.Fashion_Nest_Application.model.Address:lastName]
2025-07-14T13:26:07.827+05:30 DEBUG 17208 --- [Fashion-Nest-Application] [           main] o.h.b.model.internal.BasicValueBinder    : building BasicValue for lastName
2025-07-14T13:26:07.827+05:30 DEBUG 17208 --- [Fashion-Nest-Application] [           main] org.hibernate.mapping.BasicValue         : Skipping column re-registration: address.last_name
2025-07-14T13:26:07.827+05:30 DEBUG 17208 --- [Fashion-Nest-Application] [           main] o.h.boot.model.internal.PropertyBinder   : Building property lastName
2025-07-14T13:26:07.827+05:30 DEBUG 17208 --- [Fashion-Nest-Application] [           main] o.h.boot.model.internal.AnnotatedColumn  : Binding column: AnnotatedColumn()
2025-07-14T13:26:07.828+05:30 DEBUG 17208 --- [Fashion-Nest-Application] [           main] o.h.boot.model.internal.PropertyBinder   : MetadataSourceProcessor property mobile with lazy=false
2025-07-14T13:26:07.828+05:30 DEBUG 17208 --- [Fashion-Nest-Application] [           main] o.h.b.m.internal.AbstractPropertyHolder  : Attempting to locate auto-apply AttributeConverter for property [com.fashionnest.Fashion_Nest_Application.model.Address:mobile]
2025-07-14T13:26:07.828+05:30 DEBUG 17208 --- [Fashion-Nest-Application] [           main] o.h.b.model.internal.BasicValueBinder    : building BasicValue for mobile
2025-07-14T13:26:07.828+05:30 DEBUG 17208 --- [Fashion-Nest-Application] [           main] org.hibernate.mapping.BasicValue         : Skipping column re-registration: address.mobile
2025-07-14T13:26:07.828+05:30 DEBUG 17208 --- [Fashion-Nest-Application] [           main] o.h.boot.model.internal.PropertyBinder   : Building property mobile
2025-07-14T13:26:07.829+05:30 DEBUG 17208 --- [Fashion-Nest-Application] [           main] o.h.boot.model.internal.AnnotatedColumn  : Binding column: AnnotatedColumn(column='state')
2025-07-14T13:26:07.829+05:30 DEBUG 17208 --- [Fashion-Nest-Application] [           main] o.h.boot.model.internal.PropertyBinder   : MetadataSourceProcessor property state with lazy=false
2025-07-14T13:26:07.829+05:30 DEBUG 17208 --- [Fashion-Nest-Application] [           main] o.h.b.m.internal.AbstractPropertyHolder  : Attempting to locate auto-apply AttributeConverter for property [com.fashionnest.Fashion_Nest_Application.model.Address:state]
2025-07-14T13:26:07.829+05:30 DEBUG 17208 --- [Fashion-Nest-Application] [           main] o.h.b.model.internal.BasicValueBinder    : building BasicValue for state
2025-07-14T13:26:07.829+05:30 DEBUG 17208 --- [Fashion-Nest-Application] [           main] org.hibernate.mapping.BasicValue         : Skipping column re-registration: address.state
2025-07-14T13:26:07.830+05:30 DEBUG 17208 --- [Fashion-Nest-Application] [           main] o.h.boot.model.internal.PropertyBinder   : Building property state
2025-07-14T13:26:07.830+05:30 DEBUG 17208 --- [Fashion-Nest-Application] [           main] o.h.boot.model.internal.AnnotatedColumn  : Binding column: AnnotatedColumn(column='street_address')
2025-07-14T13:26:07.830+05:30 DEBUG 17208 --- [Fashion-Nest-Application] [           main] o.h.boot.model.internal.PropertyBinder   : MetadataSourceProcessor property streetAddress with lazy=false
2025-07-14T13:26:07.830+05:30 DEBUG 17208 --- [Fashion-Nest-Application] [           main] o.h.b.m.internal.AbstractPropertyHolder  : Attempting to locate auto-apply AttributeConverter for property [com.fashionnest.Fashion_Nest_Application.model.Address:streetAddress]
2025-07-14T13:26:07.831+05:30 DEBUG 17208 --- [Fashion-Nest-Application] [           main] o.h.b.model.internal.BasicValueBinder    : building BasicValue for streetAddress
2025-07-14T13:26:07.831+05:30 DEBUG 17208 --- [Fashion-Nest-Application] [           main] org.hibernate.mapping.BasicValue         : Skipping column re-registration: address.street_address
2025-07-14T13:26:07.831+05:30 DEBUG 17208 --- [Fashion-Nest-Application] [           main] o.h.boot.model.internal.PropertyBinder   : Building property streetAddress
2025-07-14T13:26:07.837+05:30 DEBUG 17208 --- [Fashion-Nest-Application] [           main] o.h.boot.model.internal.AnnotatedColumn  : Binding column: AnnotatedJoinColumn(column='user_id')
2025-07-14T13:26:07.837+05:30 DEBUG 17208 --- [Fashion-Nest-Application] [           main] o.h.boot.model.internal.AnnotatedColumn  : Binding column: AnnotatedColumn()
2025-07-14T13:26:07.845+05:30 DEBUG 17208 --- [Fashion-Nest-Application] [           main] o.h.boot.model.internal.PropertyBinder   : Building property user
2025-07-14T13:26:07.845+05:30 DEBUG 17208 --- [Fashion-Nest-Application] [           main] o.h.boot.model.internal.AnnotatedColumn  : Binding column: AnnotatedColumn(column='zip_code')
2025-07-14T13:26:07.846+05:30 DEBUG 17208 --- [Fashion-Nest-Application] [           main] o.h.boot.model.internal.PropertyBinder   : MetadataSourceProcessor property zipCode with lazy=false
2025-07-14T13:26:07.846+05:30 DEBUG 17208 --- [Fashion-Nest-Application] [           main] o.h.b.m.internal.AbstractPropertyHolder  : Attempting to locate auto-apply AttributeConverter for property [com.fashionnest.Fashion_Nest_Application.model.Address:zipCode]
2025-07-14T13:26:07.846+05:30 DEBUG 17208 --- [Fashion-Nest-Application] [           main] o.h.b.model.internal.BasicValueBinder    : building BasicValue for zipCode
2025-07-14T13:26:07.846+05:30 DEBUG 17208 --- [Fashion-Nest-Application] [           main] org.hibernate.mapping.BasicValue         : Skipping column re-registration: address.zip_code
2025-07-14T13:26:07.846+05:30 DEBUG 17208 --- [Fashion-Nest-Application] [           main] o.h.boot.model.internal.PropertyBinder   : Building property zipCode
2025-07-14T13:26:07.850+05:30 DEBUG 17208 --- [Fashion-Nest-Application] [           main] o.h.b.r.c.i.ClassLoaderServiceImpl       : HHH000194: Package not found or no package-info.java: com.fashionnest.Fashion_Nest_Application.model
2025-07-14T13:26:07.860+05:30 DEBUG 17208 --- [Fashion-Nest-Application] [           main] o.h.boot.model.internal.EntityBinder     : Binding entity from annotated class: com.fashionnest.Fashion_Nest_Application.model.Cart
2025-07-14T13:26:07.861+05:30 DEBUG 17208 --- [Fashion-Nest-Application] [           main] o.h.boot.model.internal.EntityBinder     : Import with entity name Cart
2025-07-14T13:26:07.862+05:30 DEBUG 17208 --- [Fashion-Nest-Application] [           main] o.h.boot.model.internal.EntityBinder     : Bind entity com.fashionnest.Fashion_Nest_Application.model.Cart on table cart
2025-07-14T13:26:07.865+05:30 DEBUG 17208 --- [Fashion-Nest-Application] [           main] o.h.boot.model.internal.AnnotatedColumn  : Binding column: AnnotatedDiscriminatorColumn(column='DTYPE')
2025-07-14T13:26:07.883+05:30 DEBUG 17208 --- [Fashion-Nest-Application] [           main] o.h.boot.model.internal.AnnotatedColumn  : Binding column: AnnotatedColumn()
2025-07-14T13:26:07.883+05:30 DEBUG 17208 --- [Fashion-Nest-Application] [           main] o.h.boot.internal.ClassLoaderAccessImpl  : Not known whether passed class name [com.fashionnest.Fashion_Nest_Application.model.Cart] is safe
2025-07-14T13:26:07.883+05:30 DEBUG 17208 --- [Fashion-Nest-Application] [           main] o.h.boot.internal.ClassLoaderAccessImpl  : No temp ClassLoader provided; using live ClassLoader for loading potentially unsafe class : com.fashionnest.Fashion_Nest_Application.model.Cart
2025-07-14T13:26:07.884+05:30 DEBUG 17208 --- [Fashion-Nest-Application] [           main] o.h.boot.model.internal.PropertyBinder   : MetadataSourceProcessor property id with lazy=false
2025-07-14T13:26:07.884+05:30 DEBUG 17208 --- [Fashion-Nest-Application] [           main] o.h.b.m.internal.AbstractPropertyHolder  : Attempting to locate auto-apply AttributeConverter for property [com.fashionnest.Fashion_Nest_Application.model.Cart:id]
2025-07-14T13:26:07.884+05:30 DEBUG 17208 --- [Fashion-Nest-Application] [           main] o.h.b.model.internal.BasicValueBinder    : building BasicValue for id
2025-07-14T13:26:07.885+05:30 DEBUG 17208 --- [Fashion-Nest-Application] [           main] org.hibernate.mapping.BasicValue         : Skipping column re-registration: cart.id
2025-07-14T13:26:07.885+05:30 DEBUG 17208 --- [Fashion-Nest-Application] [           main] o.h.boot.model.internal.PropertyBinder   : Building property id
2025-07-14T13:26:07.885+05:30 DEBUG 17208 --- [Fashion-Nest-Application] [           main] o.h.boot.model.internal.BinderHelper     : #makeIdGenerator(BasicValue([Column(id)]), id, identity, , ...)
2025-07-14T13:26:07.886+05:30 DEBUG 17208 --- [Fashion-Nest-Application] [           main] o.h.boot.model.internal.AnnotatedColumn  : Binding column: AnnotatedColumn(column='cart_items')
2025-07-14T13:26:07.887+05:30 DEBUG 17208 --- [Fashion-Nest-Application] [           main] o.h.boot.model.internal.AnnotatedColumn  : Binding column: AnnotatedJoinColumn()
2025-07-14T13:26:07.913+05:30 DEBUG 17208 --- [Fashion-Nest-Application] [           main] o.h.boot.model.internal.AnnotatedColumn  : Binding column: IndexColumn(column='cartItems_ORDER')
2025-07-14T13:26:07.919+05:30 DEBUG 17208 --- [Fashion-Nest-Application] [           main] o.h.boot.model.internal.AnnotatedColumn  : Binding column: AnnotatedColumn(column='cart_items')
2025-07-14T13:26:07.920+05:30 DEBUG 17208 --- [Fashion-Nest-Application] [           main] o.h.boot.model.internal.AnnotatedColumn  : Binding column: AnnotatedColumn(column='cartItems_KEY')
2025-07-14T13:26:07.922+05:30 DEBUG 17208 --- [Fashion-Nest-Application] [           main] o.h.boot.model.internal.AnnotatedColumn  : Binding column: AnnotatedJoinColumn(column='cartItems_KEY')
2025-07-14T13:26:07.923+05:30 DEBUG 17208 --- [Fashion-Nest-Application] [           main] o.h.boot.model.internal.AnnotatedColumn  : Binding column: AnnotatedJoinColumn()
2025-07-14T13:26:07.924+05:30 DEBUG 17208 --- [Fashion-Nest-Application] [           main] o.h.boot.model.internal.AnnotatedColumn  : Binding column: AnnotatedJoinColumn()
2025-07-14T13:26:07.930+05:30 DEBUG 17208 --- [Fashion-Nest-Application] [           main] o.h.b.model.internal.CollectionBinder    : Collection role: com.fashionnest.Fashion_Nest_Application.model.Cart.cartItems
2025-07-14T13:26:07.933+05:30 DEBUG 17208 --- [Fashion-Nest-Application] [           main] o.h.boot.model.internal.PropertyBinder   : Building property cartItems
2025-07-14T13:26:07.934+05:30 DEBUG 17208 --- [Fashion-Nest-Application] [           main] o.h.boot.model.internal.AnnotatedColumn  : Binding column: AnnotatedColumn()
2025-07-14T13:26:07.934+05:30 DEBUG 17208 --- [Fashion-Nest-Application] [           main] o.h.boot.model.internal.PropertyBinder   : MetadataSourceProcessor property discount with lazy=false
2025-07-14T13:26:07.935+05:30 DEBUG 17208 --- [Fashion-Nest-Application] [           main] o.h.b.m.internal.AbstractPropertyHolder  : Attempting to locate auto-apply AttributeConverter for property [com.fashionnest.Fashion_Nest_Application.model.Cart:discount]
2025-07-14T13:26:07.935+05:30 DEBUG 17208 --- [Fashion-Nest-Application] [           main] o.h.b.model.internal.BasicValueBinder    : building BasicValue for discount
2025-07-14T13:26:07.935+05:30 DEBUG 17208 --- [Fashion-Nest-Application] [           main] org.hibernate.mapping.BasicValue         : Skipping column re-registration: cart.discount
2025-07-14T13:26:07.935+05:30 DEBUG 17208 --- [Fashion-Nest-Application] [           main] o.h.boot.model.internal.PropertyBinder   : Building property discount
2025-07-14T13:26:07.936+05:30 DEBUG 17208 --- [Fashion-Nest-Application] [           main] o.h.boot.model.internal.AnnotatedColumn  : Binding column: AnnotatedColumn()
2025-07-14T13:26:07.936+05:30 DEBUG 17208 --- [Fashion-Nest-Application] [           main] o.h.boot.model.internal.PropertyBinder   : MetadataSourceProcessor property totalDiscountedPrice with lazy=false
2025-07-14T13:26:07.936+05:30 DEBUG 17208 --- [Fashion-Nest-Application] [           main] o.h.b.m.internal.AbstractPropertyHolder  : Attempting to locate auto-apply AttributeConverter for property [com.fashionnest.Fashion_Nest_Application.model.Cart:totalDiscountedPrice]
2025-07-14T13:26:07.936+05:30 DEBUG 17208 --- [Fashion-Nest-Application] [           main] o.h.b.model.internal.BasicValueBinder    : building BasicValue for totalDiscountedPrice
2025-07-14T13:26:07.936+05:30 DEBUG 17208 --- [Fashion-Nest-Application] [           main] org.hibernate.mapping.BasicValue         : Skipping column re-registration: cart.total_discounted_price
2025-07-14T13:26:07.937+05:30 DEBUG 17208 --- [Fashion-Nest-Application] [           main] o.h.boot.model.internal.PropertyBinder   : Building property totalDiscountedPrice
2025-07-14T13:26:07.937+05:30 DEBUG 17208 --- [Fashion-Nest-Application] [           main] o.h.boot.model.internal.AnnotatedColumn  : Binding column: AnnotatedColumn(column='total_item')
2025-07-14T13:26:07.937+05:30 DEBUG 17208 --- [Fashion-Nest-Application] [           main] o.h.boot.model.internal.PropertyBinder   : MetadataSourceProcessor property totalItem with lazy=false
2025-07-14T13:26:07.937+05:30 DEBUG 17208 --- [Fashion-Nest-Application] [           main] o.h.b.m.internal.AbstractPropertyHolder  : Attempting to locate auto-apply AttributeConverter for property [com.fashionnest.Fashion_Nest_Application.model.Cart:totalItem]
2025-07-14T13:26:07.938+05:30 DEBUG 17208 --- [Fashion-Nest-Application] [           main] o.h.b.model.internal.BasicValueBinder    : building BasicValue for totalItem
2025-07-14T13:26:07.938+05:30 DEBUG 17208 --- [Fashion-Nest-Application] [           main] org.hibernate.mapping.BasicValue         : Skipping column re-registration: cart.total_item
2025-07-14T13:26:07.938+05:30 DEBUG 17208 --- [Fashion-Nest-Application] [           main] o.h.boot.model.internal.PropertyBinder   : Building property totalItem
2025-07-14T13:26:07.939+05:30 DEBUG 17208 --- [Fashion-Nest-Application] [           main] o.h.boot.model.internal.AnnotatedColumn  : Binding column: AnnotatedColumn(column='total_price')
2025-07-14T13:26:07.939+05:30 DEBUG 17208 --- [Fashion-Nest-Application] [           main] o.h.boot.model.internal.PropertyBinder   : MetadataSourceProcessor property totalPrice with lazy=false
2025-07-14T13:26:07.939+05:30 DEBUG 17208 --- [Fashion-Nest-Application] [           main] o.h.b.m.internal.AbstractPropertyHolder  : Attempting to locate auto-apply AttributeConverter for property [com.fashionnest.Fashion_Nest_Application.model.Cart:totalPrice]
2025-07-14T13:26:07.939+05:30 DEBUG 17208 --- [Fashion-Nest-Application] [           main] o.h.b.model.internal.BasicValueBinder    : building BasicValue for totalPrice
2025-07-14T13:26:07.939+05:30 DEBUG 17208 --- [Fashion-Nest-Application] [           main] org.hibernate.mapping.BasicValue         : Skipping column re-registration: cart.total_price
2025-07-14T13:26:07.939+05:30 DEBUG 17208 --- [Fashion-Nest-Application] [           main] o.h.boot.model.internal.PropertyBinder   : Building property totalPrice
2025-07-14T13:26:07.940+05:30 DEBUG 17208 --- [Fashion-Nest-Application] [           main] o.h.boot.model.internal.AnnotatedColumn  : Binding column: AnnotatedJoinColumn(column='user_id')
2025-07-14T13:26:07.941+05:30 DEBUG 17208 --- [Fashion-Nest-Application] [           main] o.h.boot.model.internal.AnnotatedColumn  : Binding column: AnnotatedColumn()
2025-07-14T13:26:07.941+05:30 DEBUG 17208 --- [Fashion-Nest-Application] [           main] o.h.boot.model.internal.PropertyBinder   : Building property user
2025-07-14T13:26:07.943+05:30 DEBUG 17208 --- [Fashion-Nest-Application] [           main] o.h.b.r.c.i.ClassLoaderServiceImpl       : HHH000194: Package not found or no package-info.java: com.fashionnest.Fashion_Nest_Application.model
2025-07-14T13:26:07.944+05:30 DEBUG 17208 --- [Fashion-Nest-Application] [           main] o.h.boot.model.internal.EntityBinder     : Binding entity from annotated class: com.fashionnest.Fashion_Nest_Application.model.CartItem
2025-07-14T13:26:07.944+05:30 DEBUG 17208 --- [Fashion-Nest-Application] [           main] o.h.boot.model.internal.EntityBinder     : Import with entity name CartItem
2025-07-14T13:26:07.945+05:30 DEBUG 17208 --- [Fashion-Nest-Application] [           main] o.h.boot.model.internal.EntityBinder     : Bind entity com.fashionnest.Fashion_Nest_Application.model.CartItem on table cart_item
2025-07-14T13:26:07.945+05:30 DEBUG 17208 --- [Fashion-Nest-Application] [           main] o.h.boot.model.internal.AnnotatedColumn  : Binding column: AnnotatedDiscriminatorColumn(column='DTYPE')
2025-07-14T13:26:07.946+05:30 DEBUG 17208 --- [Fashion-Nest-Application] [           main] o.h.boot.model.internal.AnnotatedColumn  : Binding column: AnnotatedColumn()
2025-07-14T13:26:07.947+05:30 DEBUG 17208 --- [Fashion-Nest-Application] [           main] o.h.boot.internal.ClassLoaderAccessImpl  : Not known whether passed class name [com.fashionnest.Fashion_Nest_Application.model.CartItem] is safe
2025-07-14T13:26:07.947+05:30 DEBUG 17208 --- [Fashion-Nest-Application] [           main] o.h.boot.internal.ClassLoaderAccessImpl  : No temp ClassLoader provided; using live ClassLoader for loading potentially unsafe class : com.fashionnest.Fashion_Nest_Application.model.CartItem
2025-07-14T13:26:07.947+05:30 DEBUG 17208 --- [Fashion-Nest-Application] [           main] o.h.boot.model.internal.PropertyBinder   : MetadataSourceProcessor property id with lazy=false
2025-07-14T13:26:07.947+05:30 DEBUG 17208 --- [Fashion-Nest-Application] [           main] o.h.b.m.internal.AbstractPropertyHolder  : Attempting to locate auto-apply AttributeConverter for property [com.fashionnest.Fashion_Nest_Application.model.CartItem:id]
2025-07-14T13:26:07.948+05:30 DEBUG 17208 --- [Fashion-Nest-Application] [           main] o.h.b.model.internal.BasicValueBinder    : building BasicValue for id
2025-07-14T13:26:07.948+05:30 DEBUG 17208 --- [Fashion-Nest-Application] [           main] org.hibernate.mapping.BasicValue         : Skipping column re-registration: cart_item.id
2025-07-14T13:26:07.948+05:30 DEBUG 17208 --- [Fashion-Nest-Application] [           main] o.h.boot.model.internal.PropertyBinder   : Building property id
2025-07-14T13:26:07.948+05:30 DEBUG 17208 --- [Fashion-Nest-Application] [           main] o.h.boot.model.internal.BinderHelper     : #makeIdGenerator(BasicValue([Column(id)]), id, identity, , ...)
2025-07-14T13:26:07.949+05:30 DEBUG 17208 --- [Fashion-Nest-Application] [           main] o.h.boot.model.internal.AnnotatedColumn  : Binding column: AnnotatedJoinColumn()
2025-07-14T13:26:07.949+05:30 DEBUG 17208 --- [Fashion-Nest-Application] [           main] o.h.boot.model.internal.AnnotatedColumn  : Binding column: AnnotatedColumn()
2025-07-14T13:26:07.950+05:30 DEBUG 17208 --- [Fashion-Nest-Application] [           main] o.h.boot.model.internal.PropertyBinder   : Building property cart
2025-07-14T13:26:07.951+05:30 DEBUG 17208 --- [Fashion-Nest-Application] [           main] o.h.boot.model.internal.AnnotatedColumn  : Binding column: AnnotatedColumn()
2025-07-14T13:26:07.951+05:30 DEBUG 17208 --- [Fashion-Nest-Application] [           main] o.h.boot.model.internal.PropertyBinder   : MetadataSourceProcessor property discountedPrice with lazy=false
2025-07-14T13:26:07.951+05:30 DEBUG 17208 --- [Fashion-Nest-Application] [           main] o.h.b.m.internal.AbstractPropertyHolder  : Attempting to locate auto-apply AttributeConverter for property [com.fashionnest.Fashion_Nest_Application.model.CartItem:discountedPrice]
2025-07-14T13:26:07.951+05:30 DEBUG 17208 --- [Fashion-Nest-Application] [           main] o.h.b.model.internal.BasicValueBinder    : building BasicValue for discountedPrice
2025-07-14T13:26:07.952+05:30 DEBUG 17208 --- [Fashion-Nest-Application] [           main] org.hibernate.mapping.BasicValue         : Skipping column re-registration: cart_item.discounted_price
2025-07-14T13:26:07.952+05:30 DEBUG 17208 --- [Fashion-Nest-Application] [           main] o.h.boot.model.internal.PropertyBinder   : Building property discountedPrice
2025-07-14T13:26:07.952+05:30 DEBUG 17208 --- [Fashion-Nest-Application] [           main] o.h.boot.model.internal.AnnotatedColumn  : Binding column: AnnotatedColumn()
2025-07-14T13:26:07.952+05:30 DEBUG 17208 --- [Fashion-Nest-Application] [           main] o.h.boot.model.internal.PropertyBinder   : MetadataSourceProcessor property price with lazy=false
2025-07-14T13:26:07.953+05:30 DEBUG 17208 --- [Fashion-Nest-Application] [           main] o.h.b.m.internal.AbstractPropertyHolder  : Attempting to locate auto-apply AttributeConverter for property [com.fashionnest.Fashion_Nest_Application.model.CartItem:price]
2025-07-14T13:26:07.953+05:30 DEBUG 17208 --- [Fashion-Nest-Application] [           main] o.h.b.model.internal.BasicValueBinder    : building BasicValue for price
2025-07-14T13:26:07.953+05:30 DEBUG 17208 --- [Fashion-Nest-Application] [           main] org.hibernate.mapping.BasicValue         : Skipping column re-registration: cart_item.price
2025-07-14T13:26:07.953+05:30 DEBUG 17208 --- [Fashion-Nest-Application] [           main] o.h.boot.model.internal.PropertyBinder   : Building property price
2025-07-14T13:26:07.953+05:30 DEBUG 17208 --- [Fashion-Nest-Application] [           main] o.h.boot.model.internal.AnnotatedColumn  : Binding column: AnnotatedJoinColumn()
2025-07-14T13:26:07.954+05:30 DEBUG 17208 --- [Fashion-Nest-Application] [           main] o.h.boot.model.internal.AnnotatedColumn  : Binding column: AnnotatedColumn()
2025-07-14T13:26:07.954+05:30 DEBUG 17208 --- [Fashion-Nest-Application] [           main] o.h.boot.model.internal.PropertyBinder   : Building property product
[...]
	at org.springframework.beans.factory.support.AbstractBeanFactory.getBean(AbstractBeanFactory.java:200) ~[spring-beans-6.1.12.jar:6.1.12]
	at org.springframework.beans.factory.support.DefaultListableBeanFactory.preInstantiateSingletons(DefaultListableBeanFactory.java:975) ~[spring-beans-6.1.12.jar:6.1.12]
	at org.springframework.context.support.AbstractApplicationContext.finishBeanFactoryInitialization(AbstractApplicationContext.java:971) ~[spring-context-6.1.12.jar:6.1.12]
	at org.springframework.context.support.AbstractApplicationContext.refresh(AbstractApplicationContext.java:625) ~[spring-context-6.1.12.jar:6.1.12]
	at org.springframework.boot.SpringApplication.refresh(SpringApplication.java:754) ~[spring-boot-3.3.3.jar:3.3.3]
	at org.springframework.boot.SpringApplication.refreshContext(SpringApplication.java:456) ~[spring-boot-3.3.3.jar:3.3.3]
	at org.springframework.boot.SpringApplication.run(SpringApplication.java:335) ~[spring-boot-3.3.3.jar:3.3.3]
	at org.springframework.boot.test.context.SpringBootContextLoader.lambda$loadContext$3(SpringBootContextLoader.java:137) ~[spring-boot-test-3.3.3.jar:3.3.3]
	at org.springframework.util.function.ThrowingSupplier.get(ThrowingSupplier.java:58) ~[spring-core-6.1.12.jar:6.1.12]
	at org.springframework.util.function.ThrowingSupplier.get(ThrowingSupplier.java:46) ~[spring-core-6.1.12.jar:6.1.12]
	at org.springframework.boot.SpringApplication.withHook(SpringApplication.java:1463) ~[spring-boot-3.3.3.jar:3.3.3]
	at org.springframework.boot.test.context.SpringBootContextLoader$ContextLoaderHook.run(SpringBootContextLoader.java:553) ~[spring-boot-test-3.3.3.jar:3.3.3]
	at org.springframework.boot.test.context.SpringBootContextLoader.loadContext(SpringBootContextLoader.java:137) ~[spring-boot-test-3.3.3.jar:3.3.3]
	at org.springframework.boot.test.context.SpringBootContextLoader.loadContext(SpringBootContextLoader.java:108) ~[spring-boot-test-3.3.3.jar:3.3.3]
	at org.springframework.test.context.cache.DefaultCacheAwareContextLoaderDelegate.loadContextInternal(DefaultCacheAwareContextLoaderDelegate.java:225) ~[spring-test-6.1.12.jar:6.1.12]
	at org.springframework.test.context.cache.DefaultCacheAwareContextLoaderDelegate.loadContext(DefaultCacheAwareContextLoaderDelegate.java:152) ~[spring-test-6.1.12.jar:6.1.12]
	at org.springframework.test.context.support.DefaultTestContext.getApplicationContext(DefaultTestContext.java:130) ~[spring-test-6.1.12.jar:6.1.12]
	at org.springframework.test.context.web.ServletTestExecutionListener.setUpRequestContextIfNecessary(ServletTestExecutionListener.java:191) ~[spring-test-6.1.12.jar:6.1.12]
	at org.springframework.test.context.web.ServletTestExecutionListener.prepareTestInstance(ServletTestExecutionListener.java:130) ~[spring-test-6.1.12.jar:6.1.12]
	at org.springframework.test.context.TestContextManager.prepareTestInstance(TestContextManager.java:260) ~[spring-test-6.1.12.jar:6.1.12]
	at org.springframework.test.context.junit.jupiter.SpringExtension.postProcessTestInstance(SpringExtension.java:163) ~[spring-test-6.1.12.jar:6.1.12]
	at org.junit.jupiter.engine.descriptor.ClassBasedTestDescriptor.lambda$invokeTestInstancePostProcessors$10(ClassBasedTestDescriptor.java:378) ~[junit-jupiter-engine-5.10.3.jar:5.10.3]
	at org.junit.jupiter.engine.descriptor.ClassBasedTestDescriptor.executeAndMaskThrowable(ClassBasedTestDescriptor.java:383) ~[junit-jupiter-engine-5.10.3.jar:5.10.3]
	at org.junit.jupiter.engine.descriptor.ClassBasedTestDescriptor.lambda$invokeTestInstancePostProcessors$11(ClassBasedTestDescriptor.java:378) ~[junit-jupiter-engine-5.10.3.jar:5.10.3]
	at java.base/java.util.stream.ReferencePipeline$3$1.accept(ReferencePipeline.java:197) ~[na:na]
	at java.base/java.util.stream.ReferencePipeline$2$1.accept(ReferencePipeline.java:179) ~[na:na]
	at java.base/java.util.ArrayList$ArrayListSpliterator.forEachRemaining(ArrayList.java:1708) ~[na:na]
	at java.base/java.util.stream.AbstractPipeline.copyInto(AbstractPipeline.java:509) ~[na:na]
	at java.base/java.util.stream.AbstractPipeline.wrapAndCopyInto(AbstractPipeline.java:499) ~[na:na]
	at java.base/java.util.stream.StreamSpliterators$WrappingSpliterator.forEachRemaining(StreamSpliterators.java:310) ~[na:na]
	at java.base/java.util.stream.Streams$ConcatSpliterator.forEachRemaining(Streams.java:735) ~[na:na]
	at java.base/java.util.stream.Streams$ConcatSpliterator.forEachRemaining(Streams.java:734) ~[na:na]
	at java.base/java.util.stream.ReferencePipeline$Head.forEach(ReferencePipeline.java:762) ~[na:na]
	at org.junit.jupiter.engine.descriptor.ClassBasedTestDescriptor.invokeTestInstancePostProcessors(ClassBasedTestDescriptor.java:377) ~[junit-jupiter-engine-5.10.3.jar:5.10.3]
	at org.junit.jupiter.engine.descriptor.ClassBasedTestDescriptor.lambda$instantiateAndPostProcessTestInstance$6(ClassBasedTestDescriptor.java:290) ~[junit-jupiter-engine-5.10.3.jar:5.10.3]
	at org.junit.platform.engine.support.hierarchical.ThrowableCollector.execute(ThrowableCollector.java:73) ~[junit-platform-engine-1.10.3.jar:1.10.3]
	at org.junit.jupiter.engine.descriptor.ClassBasedTestDescriptor.instantiateAndPostProcessTestInstance(ClassBasedTestDescriptor.java:289) ~[junit-jupiter-engine-5.10.3.jar:5.10.3]
	at org.junit.jupiter.engine.descriptor.ClassBasedTestDescriptor.lambda$testInstancesProvider$4(ClassBasedTestDescriptor.java:279) ~[junit-jupiter-engine-5.10.3.jar:5.10.3]
	at java.base/java.util.Optional.orElseGet(Optional.java:364) ~[na:na]
	at org.junit.jupiter.engine.descriptor.ClassBasedTestDescriptor.lambda$testInstancesProvider$5(ClassBasedTestDescriptor.java:278) ~[junit-jupiter-engine-5.10.3.jar:5.10.3]
	at org.junit.jupiter.engine.execution.TestInstancesProvider.getTestInstances(TestInstancesProvider.java:31) ~[junit-jupiter-engine-5.10.3.jar:5.10.3]
	at org.junit.jupiter.engine.descriptor.TestMethodTestDescriptor.lambda$prepare$0(TestMethodTestDescriptor.java:106) ~[junit-jupiter-engine-5.10.3.jar:5.10.3]
	at org.junit.platform.engine.support.hierarchical.ThrowableCollector.execute(ThrowableCollector.java:73) ~[junit-platform-engine-1.10.3.jar:1.10.3]
	at org.junit.jupiter.engine.descriptor.TestMethodTestDescriptor.prepare(TestMethodTestDescriptor.java:105) ~[junit-jupiter-engine-5.10.3.jar:5.10.3]
	at org.junit.jupiter.engine.descriptor.TestMethodTestDescriptor.prepare(TestMethodTestDescriptor.java:69) ~[junit-jupiter-engine-5.10.3.jar:5.10.3]
	at org.junit.platform.engine.support.hierarchical.NodeTestTask.lambda$prepare$2(NodeTestTask.java:123) ~[junit-platform-engine-1.10.3.jar:1.10.3]
	at org.junit.platform.engine.support.hierarchical.ThrowableCollector.execute(ThrowableCollector.java:73) ~[junit-platform-engine-1.10.3.jar:1.10.3]
	at org.junit.platform.engine.support.hierarchical.NodeTestTask.prepare(NodeTestTask.java:123) ~[junit-platform-engine-1.10.3.jar:1.10.3]
	at org.junit.platform.engine.support.hierarchical.NodeTestTask.execute(NodeTestTask.java:90) ~[junit-platform-engine-1.10.3.jar:1.10.3]
	at java.base/java.util.ArrayList.forEach(ArrayList.java:1596) ~[na:na]
	at org.junit.platform.engine.support.hierarchical.SameThreadHierarchicalTestExecutorService.invokeAll(SameThreadHierarchicalTestExecutorService.java:41) ~[junit-platform-engine-1.10.3.jar:1.10.3]
	at org.junit.platform.engine.support.hierarchical.NodeTestTask.lambda$executeRecursively$6(NodeTestTask.java:155) ~[junit-platform-engine-1.10.3.jar:1.10.3]
	at org.junit.platform.engine.support.hierarchical.ThrowableCollector.execute(ThrowableCollector.java:73) ~[junit-platform-engine-1.10.3.jar:1.10.3]
	at org.junit.platform.engine.support.hierarchical.NodeTestTask.lambda$executeRecursively$8(NodeTestTask.java:141) ~[junit-platform-engine-1.10.3.jar:1.10.3]
	at org.junit.platform.engine.support.hierarchical.Node.around(Node.java:137) ~[junit-platform-engine-1.10.3.jar:1.10.3]
	at org.junit.platform.engine.support.hierarchical.NodeTestTask.lambda$executeRecursively$9(NodeTestTask.java:139) ~[junit-platform-engine-1.10.3.jar:1.10.3]
	at org.junit.platform.engine.support.hierarchical.ThrowableCollector.execute(ThrowableCollector.java:73) ~[junit-platform-engine-1.10.3.jar:1.10.3]
	at org.junit.platform.engine.support.hierarchical.NodeTestTask.executeRecursively(NodeTestTask.java:138) ~[junit-platform-engine-1.10.3.jar:1.10.3]
	at org.junit.platform.engine.support.hierarchical.NodeTestTask.execute(NodeTestTask.java:95) ~[junit-platform-engine-1.10.3.jar:1.10.3]
	at java.base/java.util.ArrayList.forEach(ArrayList.java:1596) ~[na:na]
	at org.junit.platform.engine.support.hierarchical.SameThreadHierarchicalTestExecutorService.invokeAll(SameThreadHierarchicalTestExecutorService.java:41) ~[junit-platform-engine-1.10.3.jar:1.10.3]
	at org.junit.platform.engine.support.hierarchical.NodeTestTask.lambda$executeRecursively$6(NodeTestTask.java:155) ~[junit-platform-engine-1.10.3.jar:1.10.3]
	at org.junit.platform.engine.support.hierarchical.ThrowableCollector.execute(ThrowableCollector.java:73) ~[junit-platform-engine-1.10.3.jar:1.10.3]
	at org.junit.platform.engine.support.hierarchical.NodeTestTask.lambda$executeRecursively$8(NodeTestTask.java:141) ~[junit-platform-engine-1.10.3.jar:1.10.3]
	at org.junit.platform.engine.support.hierarchical.Node.around(Node.java:137) ~[junit-platform-engine-1.10.3.jar:1.10.3]
	at org.junit.platform.engine.support.hierarchical.NodeTestTask.lambda$executeRecursively$9(NodeTestTask.java:139) ~[junit-platform-engine-1.10.3.jar:1.10.3]
	at org.junit.platform.engine.support.hierarchical.ThrowableCollector.execute(ThrowableCollector.java:73) ~[junit-platform-engine-1.10.3.jar:1.10.3]
	at org.junit.platform.engine.support.hierarchical.NodeTestTask.executeRecursively(NodeTestTask.java:138) ~[junit-platform-engine-1.10.3.jar:1.10.3]
	at org.junit.platform.engine.support.hierarchical.NodeTestTask.execute(NodeTestTask.java:95) ~[junit-platform-engine-1.10.3.jar:1.10.3]
	at org.junit.platform.engine.support.hierarchical.SameThreadHierarchicalTestExecutorService.submit(SameThreadHierarchicalTestExecutorService.java:35) ~[junit-platform-engine-1.10.3.jar:1.10.3]
	at org.junit.platform.engine.support.hierarchical.HierarchicalTestExecutor.execute(HierarchicalTestExecutor.java:57) ~[junit-platform-engine-1.10.3.jar:1.10.3]
	at org.junit.platform.engine.support.hierarchical.HierarchicalTestEngine.execute(HierarchicalTestEngine.java:54) ~[junit-platform-engine-1.10.3.jar:1.10.3]
	at org.junit.platform.launcher.core.EngineExecutionOrchestrator.execute(EngineExecutionOrchestrator.java:198) ~[junit-platform-launcher-1.10.3.jar:1.10.3]
	at org.junit.platform.launcher.core.EngineExecutionOrchestrator.execute(EngineExecutionOrchestrator.java:169) ~[junit-platform-launcher-1.10.3.jar:1.10.3]
	at org.junit.platform.launcher.core.EngineExecutionOrchestrator.execute(EngineExecutionOrchestrator.java:93) ~[junit-platform-launcher-1.10.3.jar:1.10.3]
	at org.junit.platform.launcher.core.EngineExecutionOrchestrator.lambda$execute$0(EngineExecutionOrchestrator.java:58) ~[junit-platform-launcher-1.10.3.jar:1.10.3]
	at org.junit.platform.launcher.core.EngineExecutionOrchestrator.withInterceptedStreams(EngineExecutionOrchestrator.java:141) ~[junit-platform-launcher-1.10.3.jar:1.10.3]
	at org.junit.platform.launcher.core.EngineExecutionOrchestrator.execute(EngineExecutionOrchestrator.java:57) ~[junit-platform-launcher-1.10.3.jar:1.10.3]
	at org.junit.platform.launcher.core.DefaultLauncher.execute(DefaultLauncher.java:103) ~[junit-platform-launcher-1.10.3.jar:1.10.3]
	at org.junit.platform.launcher.core.DefaultLauncher.execute(DefaultLauncher.java:85) ~[junit-platform-launcher-1.10.3.jar:1.10.3]
	at org.junit.platform.launcher.core.DelegatingLauncher.execute(DelegatingLauncher.java:47) ~[junit-platform-launcher-1.10.3.jar:1.10.3]
	at org.apache.maven.surefire.junitplatform.LazyLauncher.execute(LazyLauncher.java:56) ~[surefire-junit-platform-3.2.5.jar:3.2.5]
	at org.apache.maven.surefire.junitplatform.JUnitPlatformProvider.execute(JUnitPlatformProvider.java:184) ~[surefire-junit-platform-3.2.5.jar:3.2.5]
	at org.apache.maven.surefire.junitplatform.JUnitPlatformProvider.invokeAllTests(JUnitPlatformProvider.java:148) ~[surefire-junit-platform-3.2.5.jar:3.2.5]
	at org.apache.maven.surefire.junitplatform.JUnitPlatformProvider.invoke(JUnitPlatformProvider.java:122) ~[surefire-junit-platform-3.2.5.jar:3.2.5]
	at org.apache.maven.surefire.booter.ForkedBooter.runSuitesInProcess(ForkedBooter.java:385) ~[surefire-booter-3.2.5.jar:3.2.5]
	at org.apache.maven.surefire.booter.ForkedBooter.execute(ForkedBooter.java:162) ~[surefire-booter-3.2.5.jar:3.2.5]
	at org.apache.maven.surefire.booter.ForkedBooter.run(ForkedBooter.java:507) ~[surefire-booter-3.2.5.jar:3.2.5]
	at org.apache.maven.surefire.booter.ForkedBooter.main(ForkedBooter.java:495) ~[surefire-booter-3.2.5.jar:3.2.5]

2025-07-14T13:26:47.164+05:30 DEBUG 17208 --- [Fashion-Nest-Application] [           main] tor$SharedEntityManagerInvocationHandler : Creating new EntityManager for shared EntityManager invocation
2025-07-14T13:26:47.166+05:30 DEBUG 17208 --- [Fashion-Nest-Application] [           main] org.hibernate.orm.query.hql              : HQL : SELECT r from Review r Where r.product.id=:productId
2025-07-14T13:26:47.167+05:30 DEBUG 17208 --- [Fashion-Nest-Application] [           main] o.h.o.q.hql.reservedWordAsIdentifier     : Encountered use of reserved word as identifier : =
2025-07-14T13:26:47.168+05:30 DEBUG 17208 --- [Fashion-Nest-Application] [           main] org.hibernate.orm.query.sqm.creation     : Applying inferable type to SqmExpression [SqmNamedParameter(productId)] : null -> SqmBasicValuedSimplePath(com.fashionnest.Fashion_Nest_Application.model.Review(r).product.id)
2025-07-14T13:26:47.169+05:30 DEBUG 17208 --- [Fashion-Nest-Application] [           main] org.hibernate.orm.query.sqm.ast          : SqmStatement Tree :
    -> [select]
      -> [query-spec]
        -> [select]
          -> [selection]
            -> [root] - `com.fashionnest.Fashion_Nest_Application.model.Review(r)`
            <- [root] - `com.fashionnest.Fashion_Nest_Application.model.Review(r)`
          <- [selection]
        <- [select]
        -> [from]
          -> [root] - `com.fashionnest.Fashion_Nest_Application.model.Review(r)`
          <- [root] - `com.fashionnest.Fashion_Nest_Application.model.Review(r)`
        <- [from]
        -> [where]
          -> [EQUAL]
              -> [basic-path] - `com.fashionnest.Fashion_Nest_Application.model.Review(r).product.id`
              :productId
          <- [EQUAL]
        <- [where]
      <- [query-spec]
    <- [select]

2025-07-14T13:26:47.290+05:30  WARN 17208 --- [Fashion-Nest-Application] [           main] JpaBaseConfiguration$JpaWebConfiguration : spring.jpa.open-in-view is enabled by default. Therefore, database queries may be performed during view rendering. Explicitly configure spring.jpa.open-in-view to disable this warning
2025-07-14T13:26:47.445+05:30  INFO 17208 --- [Fashion-Nest-Application] [           main] r$InitializeUserDetailsManagerConfigurer : Global AuthenticationManager configured with UserDetailsService bean with name customUserServiceImpl
2025-07-14T13:26:48.897+05:30 DEBUG 17208 --- [Fashion-Nest-Application] [           main] .h.v.m.ResourceBundleMessageInterpolator : Loaded expression factory via original TCCL
2025-07-14T13:26:48.902+05:30 DEBUG 17208 --- [Fashion-Nest-Application] [           main] o.h.v.i.e.AbstractConfigurationImpl      : Setting custom MessageInterpolator of type org.springframework.validation.beanvalidation.LocaleContextMessageInterpolator
2025-07-14T13:26:48.902+05:30 DEBUG 17208 --- [Fashion-Nest-Application] [           main] o.h.v.i.e.AbstractConfigurationImpl      : Setting custom ConstraintValidatorFactory of type org.springframework.validation.beanvalidation.SpringConstraintValidatorFactory
2025-07-14T13:26:48.905+05:30 DEBUG 17208 --- [Fashion-Nest-Application] [           main] o.h.v.i.xml.config.ValidationXmlParser   : Trying to load META-INF/validation.xml for XML based Validator configuration.
2025-07-14T13:26:48.905+05:30 DEBUG 17208 --- [Fashion-Nest-Application] [           main] o.h.v.i.xml.config.ResourceLoaderHelper  : Trying to load META-INF/validation.xml via user class loader
2025-07-14T13:26:48.906+05:30 DEBUG 17208 --- [Fashion-Nest-Application] [           main] o.h.v.i.xml.config.ResourceLoaderHelper  : Trying to load META-INF/validation.xml via TCCL
2025-07-14T13:26:48.906+05:30 DEBUG 17208 --- [Fashion-Nest-Application] [           main] o.h.v.i.xml.config.ResourceLoaderHelper  : Trying to load META-INF/validation.xml via Hibernate Validator's class loader
2025-07-14T13:26:48.906+05:30 DEBUG 17208 --- [Fashion-Nest-Application] [           main] o.h.v.i.xml.config.ValidationXmlParser   : No META-INF/validation.xml found. Using annotation based configuration only.
2025-07-14T13:26:48.906+05:30 DEBUG 17208 --- [Fashion-Nest-Application] [           main] o.h.v.i.e.resolver.TraversableResolvers  : Found jakarta.persistence.Persistence on classpath containing 'getPersistenceUtil'. Assuming JPA 2 environment. Trying to instantiate JPA aware TraversableResolver
2025-07-14T13:26:48.906+05:30 DEBUG 17208 --- [Fashion-Nest-Application] [           main] o.h.v.i.e.resolver.TraversableResolvers  : Instantiated JPA aware TraversableResolver of type org.hibernate.validator.internal.engine.resolver.JPATraversableResolver.
2025-07-14T13:26:48.909+05:30 DEBUG 17208 --- [Fashion-Nest-Application] [           main] .i.e.ValidatorFactoryConfigurationHelper : HV000252: Using org.hibernate.validator.internal.engine.DefaultPropertyNodeNameProvider as property node name provider.
2025-07-14T13:26:48.909+05:30 DEBUG 17208 --- [Fashion-Nest-Application] [           main] .i.e.ValidatorFactoryConfigurationHelper : HV000234: Using org.springframework.validation.beanvalidation.LocaleContextMessageInterpolator as ValidatorFactory-scoped message interpolator.
2025-07-14T13:26:48.909+05:30 DEBUG 17208 --- [Fashion-Nest-Application] [           main] .i.e.ValidatorFactoryConfigurationHelper : HV000234: Using org.hibernate.validator.internal.engine.resolver.JPATraversableResolver as ValidatorFactory-scoped traversable resolver.
2025-07-14T13:26:48.909+05:30 DEBUG 17208 --- [Fashion-Nest-Application] [           main] .i.e.ValidatorFactoryConfigurationHelper : HV000234: Using org.hibernate.validator.internal.util.ExecutableParameterNameProvider as ValidatorFactory-scoped parameter name provider.
2025-07-14T13:26:48.910+05:30 DEBUG 17208 --- [Fashion-Nest-Application] [           main] .i.e.ValidatorFactoryConfigurationHelper : HV000234: Using org.hibernate.validator.internal.engine.DefaultClockProvider as ValidatorFactory-scoped clock provider.
2025-07-14T13:26:48.910+05:30 DEBUG 17208 --- [Fashion-Nest-Application] [           main] .i.e.ValidatorFactoryConfigurationHelper : HV000234: Using org.hibernate.validator.internal.engine.scripting.DefaultScriptEvaluatorFactory as ValidatorFactory-scoped script evaluator factory.
2025-07-14T13:26:49.640+05:30  INFO 17208 --- [Fashion-Nest-Application] [           main] c.f.F.FashionNestApplicationTests        : Started FashionNestApplicationTests in 51.601 seconds (process running for 53.487)
]]></system-out>
    <system-err><![CDATA[Loading class `com.mysql.jdbc.Driver'. This is deprecated. The new driver class is `com.mysql.cj.jdbc.Driver'. The driver is automatically registered via the SPI and manual loading of the driver class is generally unnecessary.
WARNING: A Java agent has been loaded dynamically (C:\Users\HP\.m2\repository\net\bytebuddy\byte-buddy-agent\1.14.19\byte-buddy-agent-1.14.19.jar)
WARNING: If a serviceability tool is in use, please run with -XX:+EnableDynamicAgentLoading to hide this warning
WARNING: If a serviceability tool is not in use, please run with -Djdk.instrument.traceUsage for more information
WARNING: Dynamic loading of agents will be disallowed by default in a future release
]]></system-err>
  </testcase>
</testsuite>